2008.08.04 12:05 B D:\fckeditor\editor\dialog\fck_about.html <-- www.sparklesphotoideas.com /admin/includes/fckeditor/editor/dialog fck_about.html
2008.08.04 12:05 B D:\fckeditor\editor\dialog\fck_anchor.html <-- www.sparklesphotoideas.com /admin/includes/fckeditor/editor/dialog fck_anchor.html
2008.08.04 12:05 B D:\fckeditor\editor\dialog\fck_button.html <-- www.sparklesphotoideas.com /admin/includes/fckeditor/editor/dialog fck_button.html
2008.08.04 12:05 B D:\fckeditor\editor\dialog\fck_checkbox.html <-- www.sparklesphotoideas.com /admin/includes/fckeditor/editor/dialog fck_checkbox.html
2008.08.04 12:05 B D:\fckeditor\editor\dialog\fck_colorselector.html <-- www.sparklesphotoideas.com /admin/includes/fckeditor/editor/dialog fck_colorselector.html
2008.08.04 12:05 B D:\fckeditor\editor\dialog\fck_docprops.html <-- www.sparklesphotoideas.com /admin/includes/fckeditor/editor/dialog fck_docprops.html
2008.08.04 12:05 B D:\fckeditor\editor\dialog\fck_find.html <-- www.sparklesphotoideas.com /admin/includes/fckeditor/editor/dialog fck_find.html
2008.08.04 12:05 B D:\fckeditor\editor\dialog\fck_flash.html <-- www.sparklesphotoideas.com /admin/includes/fckeditor/editor/dialog fck_flash.html
2008.08.04 12:05 B D:\fckeditor\editor\dialog\fck_form.html <-- www.sparklesphotoideas.com /admin/includes/fckeditor/editor/dialog fck_form.html
2008.08.04 12:05 B D:\fckeditor\editor\dialog\fck_hiddenfield.html <-- www.sparklesphotoideas.com /admin/includes/fckeditor/editor/dialog fck_hiddenfield.html
2008.08.04 12:05 B D:\fckeditor\editor\dialog\fck_image.html <-- www.sparklesphotoideas.com /admin/includes/fckeditor/editor/dialog fck_image.html
2008.08.04 12:05 B D:\fckeditor\editor\dialog\fck_link.html <-- www.sparklesphotoideas.com /admin/includes/fckeditor/editor/dialog fck_link.html
2008.08.04 12:05 B D:\fckeditor\editor\dialog\fck_listprop.html <-- www.sparklesphotoideas.com /admin/includes/fckeditor/editor/dialog fck_listprop.html
2008.08.04 12:05 B D:\fckeditor\editor\dialog\fck_paste.html <-- www.sparklesphotoideas.com /admin/includes/fckeditor/editor/dialog fck_paste.html
2008.08.04 12:05 B D:\fckeditor\editor\dialog\fck_radiobutton.html <-- www.sparklesphotoideas.com /admin/includes/fckeditor/editor/dialog fck_radiobutton.html
2008.08.04 12:05 B D:\fckeditor\editor\dialog\fck_replace.html <-- www.sparklesphotoideas.com /admin/includes/fckeditor/editor/dialog fck_replace.html
2008.08.04 12:05 B D:\fckeditor\editor\dialog\fck_select.html <-- www.sparklesphotoideas.com /admin/includes/fckeditor/editor/dialog fck_select.html
2008.08.04 12:05 B D:\fckeditor\editor\dialog\fck_smiley.html <-- www.sparklesphotoideas.com /admin/includes/fckeditor/editor/dialog fck_smiley.html
2008.08.04 12:05 B D:\fckeditor\editor\dialog\fck_source.html <-- www.sparklesphotoideas.com /admin/includes/fckeditor/editor/dialog fck_source.html
2008.08.04 12:05 B D:\fckeditor\editor\dialog\fck_specialchar.html <-- www.sparklesphotoideas.com /admin/includes/fckeditor/editor/dialog fck_specialchar.html
2008.08.04 12:05 B D:\fckeditor\editor\dialog\fck_spellerpages.html <-- www.sparklesphotoideas.com /admin/includes/fckeditor/editor/dialog fck_spellerpages.html
2008.08.04 12:05 B D:\fckeditor\editor\dialog\fck_table.html <-- www.sparklesphotoideas.com /admin/includes/fckeditor/editor/dialog fck_table.html
2008.08.04 12:05 B D:\fckeditor\editor\dialog\fck_tablecell.html <-- www.sparklesphotoideas.com /admin/includes/fckeditor/editor/dialog fck_tablecell.html
2008.08.04 12:05 B D:\fckeditor\editor\dialog\fck_template.html <-- www.sparklesphotoideas.com /admin/includes/fckeditor/editor/dialog fck_template.html
2008.08.04 12:05 B D:\fckeditor\editor\dialog\fck_textarea.html <-- www.sparklesphotoideas.com /admin/includes/fckeditor/editor/dialog fck_textarea.html
2008.08.04 12:06 B D:\fckeditor\editor\dialog\fck_textfield.html <-- www.sparklesphotoideas.com /admin/includes/fckeditor/editor/dialog fck_textfield.html
