2008.08.04 12:09 B D:\fckeditor\editor\images\smiley\msn\angel_smile.gif <-- www.sparklesphotoideas.com /admin/includes/fckeditor/editor/images/smiley/msn angel_smile.gif
2008.08.04 12:09 B D:\fckeditor\editor\images\smiley\msn\angry_smile.gif <-- www.sparklesphotoideas.com /admin/includes/fckeditor/editor/images/smiley/msn angry_smile.gif
2008.08.04 12:09 B D:\fckeditor\editor\images\smiley\msn\broken_heart.gif <-- www.sparklesphotoideas.com /admin/includes/fckeditor/editor/images/smiley/msn broken_heart.gif
2008.08.04 12:09 B D:\fckeditor\editor\images\smiley\msn\cake.gif <-- www.sparklesphotoideas.com /admin/includes/fckeditor/editor/images/smiley/msn cake.gif
2008.08.04 12:09 B D:\fckeditor\editor\images\smiley\msn\confused_smile.gif <-- www.sparklesphotoideas.com /admin/includes/fckeditor/editor/images/smiley/msn confused_smile.gif
2008.08.04 12:09 B D:\fckeditor\editor\images\smiley\msn\cry_smile.gif <-- www.sparklesphotoideas.com /admin/includes/fckeditor/editor/images/smiley/msn cry_smile.gif
2008.08.04 12:09 B D:\fckeditor\editor\images\smiley\msn\devil_smile.gif <-- www.sparklesphotoideas.com /admin/includes/fckeditor/editor/images/smiley/msn devil_smile.gif
2008.08.04 12:09 B D:\fckeditor\editor\images\smiley\msn\embaressed_smile.gif <-- www.sparklesphotoideas.com /admin/includes/fckeditor/editor/images/smiley/msn embaressed_smile.gif
2008.08.04 12:09 B D:\fckeditor\editor\images\smiley\msn\envelope.gif <-- www.sparklesphotoideas.com /admin/includes/fckeditor/editor/images/smiley/msn envelope.gif
2008.08.04 12:09 B D:\fckeditor\editor\images\smiley\msn\heart.gif <-- www.sparklesphotoideas.com /admin/includes/fckeditor/editor/images/smiley/msn heart.gif
2008.08.04 12:09 B D:\fckeditor\editor\images\smiley\msn\kiss.gif <-- www.sparklesphotoideas.com /admin/includes/fckeditor/editor/images/smiley/msn kiss.gif
2008.08.04 12:09 B D:\fckeditor\editor\images\smiley\msn\lightbulb.gif <-- www.sparklesphotoideas.com /admin/includes/fckeditor/editor/images/smiley/msn lightbulb.gif
2008.08.04 12:09 B D:\fckeditor\editor\images\smiley\msn\omg_smile.gif <-- www.sparklesphotoideas.com /admin/includes/fckeditor/editor/images/smiley/msn omg_smile.gif
2008.08.04 12:09 B D:\fckeditor\editor\images\smiley\msn\regular_smile.gif <-- www.sparklesphotoideas.com /admin/includes/fckeditor/editor/images/smiley/msn regular_smile.gif
2008.08.04 12:09 B D:\fckeditor\editor\images\smiley\msn\sad_smile.gif <-- www.sparklesphotoideas.com /admin/includes/fckeditor/editor/images/smiley/msn sad_smile.gif
2008.08.04 12:09 B D:\fckeditor\editor\images\smiley\msn\shades_smile.gif <-- www.sparklesphotoideas.com /admin/includes/fckeditor/editor/images/smiley/msn shades_smile.gif
2008.08.04 12:09 B D:\fckeditor\editor\images\smiley\msn\teeth_smile.gif <-- www.sparklesphotoideas.com /admin/includes/fckeditor/editor/images/smiley/msn teeth_smile.gif
2008.08.04 12:09 B D:\fckeditor\editor\images\smiley\msn\thumbs_down.gif <-- www.sparklesphotoideas.com /admin/includes/fckeditor/editor/images/smiley/msn thumbs_down.gif
2008.08.04 12:09 B D:\fckeditor\editor\images\smiley\msn\thumbs_up.gif <-- www.sparklesphotoideas.com /admin/includes/fckeditor/editor/images/smiley/msn thumbs_up.gif
2008.08.04 12:09 B D:\fckeditor\editor\images\smiley\msn\tounge_smile.gif <-- www.sparklesphotoideas.com /admin/includes/fckeditor/editor/images/smiley/msn tounge_smile.gif
2008.08.04 12:09 B D:\fckeditor\editor\images\smiley\msn\whatchutalkingabout_smile.gif <-- www.sparklesphotoideas.com /admin/includes/fckeditor/editor/images/smiley/msn whatchutalkingabout_smile.gif
2008.08.04 12:09 B D:\fckeditor\editor\images\smiley\msn\wink_smile.gif <-- www.sparklesphotoideas.com /admin/includes/fckeditor/editor/images/smiley/msn wink_smile.gif
