2008.06.30 19:20 B E:\projects\test.iss.edu.sg\test.iss.edu_.sg_backup_30062008\admin\extension\FCKeditor\_documentation.html <-- ISS Test /httpdocs/admin/extension/FCKeditor _documentation.html
2008.06.30 19:20 B E:\projects\test.iss.edu.sg\test.iss.edu_.sg_backup_30062008\admin\extension\FCKeditor\_upgrade.html <-- ISS Test /httpdocs/admin/extension/FCKeditor _upgrade.html
2008.06.30 19:23 B E:\projects\test.iss.edu.sg\test.iss.edu_.sg_backup_30062008\admin\extension\FCKeditor\_whatsnew.html <-- ISS Test /httpdocs/admin/extension/FCKeditor _whatsnew.html
2008.06.30 19:23 B E:\projects\test.iss.edu.sg\test.iss.edu_.sg_backup_30062008\admin\extension\FCKeditor\data_process.php <-- ISS Test /httpdocs/admin/extension/FCKeditor data_process.php
2008.06.30 19:23 B E:\projects\test.iss.edu.sg\test.iss.edu_.sg_backup_30062008\admin\extension\FCKeditor\fckconfig.js <-- ISS Test /httpdocs/admin/extension/FCKeditor fckconfig.js
2008.06.30 19:23 B E:\projects\test.iss.edu.sg\test.iss.edu_.sg_backup_30062008\admin\extension\FCKeditor\fckeditor.afp <-- ISS Test /httpdocs/admin/extension/FCKeditor fckeditor.afp
2008.06.30 19:23 B E:\projects\test.iss.edu.sg\test.iss.edu_.sg_backup_30062008\admin\extension\FCKeditor\fckeditor.asp <-- ISS Test /httpdocs/admin/extension/FCKeditor fckeditor.asp
2008.06.30 19:23 B E:\projects\test.iss.edu.sg\test.iss.edu_.sg_backup_30062008\admin\extension\FCKeditor\fckeditor.cfc <-- ISS Test /httpdocs/admin/extension/FCKeditor fckeditor.cfc
2008.06.30 19:23 B E:\projects\test.iss.edu.sg\test.iss.edu_.sg_backup_30062008\admin\extension\FCKeditor\fckeditor.cfm <-- ISS Test /httpdocs/admin/extension/FCKeditor fckeditor.cfm
2008.06.30 19:23 B E:\projects\test.iss.edu.sg\test.iss.edu_.sg_backup_30062008\admin\extension\FCKeditor\fckeditor.js <-- ISS Test /httpdocs/admin/extension/FCKeditor fckeditor.js
2008.06.30 19:23 B E:\projects\test.iss.edu.sg\test.iss.edu_.sg_backup_30062008\admin\extension\FCKeditor\fckeditor.lasso <-- ISS Test /httpdocs/admin/extension/FCKeditor fckeditor.lasso
2008.06.30 19:23 B E:\projects\test.iss.edu.sg\test.iss.edu_.sg_backup_30062008\admin\extension\FCKeditor\fckeditor.php <-- ISS Test /httpdocs/admin/extension/FCKeditor fckeditor.php
2008.06.30 19:23 B E:\projects\test.iss.edu.sg\test.iss.edu_.sg_backup_30062008\admin\extension\FCKeditor\fckeditor.pl <-- ISS Test /httpdocs/admin/extension/FCKeditor fckeditor.pl
2008.06.30 19:23 B E:\projects\test.iss.edu.sg\test.iss.edu_.sg_backup_30062008\admin\extension\FCKeditor\fckeditor.py <-- ISS Test /httpdocs/admin/extension/FCKeditor fckeditor.py
2008.06.30 19:23 B E:\projects\test.iss.edu.sg\test.iss.edu_.sg_backup_30062008\admin\extension\FCKeditor\fckeditor_php4.php <-- ISS Test /httpdocs/admin/extension/FCKeditor fckeditor_php4.php
2008.06.30 19:23 B E:\projects\test.iss.edu.sg\test.iss.edu_.sg_backup_30062008\admin\extension\FCKeditor\fckeditor_php5.php <-- ISS Test /httpdocs/admin/extension/FCKeditor fckeditor_php5.php
2008.06.30 19:23 B E:\projects\test.iss.edu.sg\test.iss.edu_.sg_backup_30062008\admin\extension\FCKeditor\fckpackager.xml <-- ISS Test /httpdocs/admin/extension/FCKeditor fckpackager.xml
2008.06.30 19:23 B E:\projects\test.iss.edu.sg\test.iss.edu_.sg_backup_30062008\admin\extension\FCKeditor\fckstyles.xml <-- ISS Test /httpdocs/admin/extension/FCKeditor fckstyles.xml
2008.06.30 19:24 B E:\projects\test.iss.edu.sg\test.iss.edu_.sg_backup_30062008\admin\extension\FCKeditor\fcktemplates.xml <-- ISS Test /httpdocs/admin/extension/FCKeditor fcktemplates.xml
2008.06.30 19:24 B E:\projects\test.iss.edu.sg\test.iss.edu_.sg_backup_30062008\admin\extension\FCKeditor\htaccess.txt <-- ISS Test /httpdocs/admin/extension/FCKeditor htaccess.txt
2008.06.30 19:24 B E:\projects\test.iss.edu.sg\test.iss.edu_.sg_backup_30062008\admin\extension\FCKeditor\license.txt <-- ISS Test /httpdocs/admin/extension/FCKeditor license.txt
