2008.06.30 18:33 B E:\projects\test.iss.edu.sg\test.iss.edu_.sg_backup_30062008\admin\extension\FCKeditor\editor\_source\internals\fck.js <-- ISS Test /httpdocs/admin/extension/FCKeditor/editor/_source/internals fck.js
2008.06.30 18:33 B E:\projects\test.iss.edu.sg\test.iss.edu_.sg_backup_30062008\admin\extension\FCKeditor\editor\_source\internals\fck_1.js <-- ISS Test /httpdocs/admin/extension/FCKeditor/editor/_source/internals fck_1.js
2008.06.30 18:33 B E:\projects\test.iss.edu.sg\test.iss.edu_.sg_backup_30062008\admin\extension\FCKeditor\editor\_source\internals\fck_1_gecko.js <-- ISS Test /httpdocs/admin/extension/FCKeditor/editor/_source/internals fck_1_gecko.js
2008.06.30 18:33 B E:\projects\test.iss.edu.sg\test.iss.edu_.sg_backup_30062008\admin\extension\FCKeditor\editor\_source\internals\fck_1_ie.js <-- ISS Test /httpdocs/admin/extension/FCKeditor/editor/_source/internals fck_1_ie.js
2008.06.30 18:33 B E:\projects\test.iss.edu.sg\test.iss.edu_.sg_backup_30062008\admin\extension\FCKeditor\editor\_source\internals\fck_2.js <-- ISS Test /httpdocs/admin/extension/FCKeditor/editor/_source/internals fck_2.js
2008.06.30 18:33 B E:\projects\test.iss.edu.sg\test.iss.edu_.sg_backup_30062008\admin\extension\FCKeditor\editor\_source\internals\fck_2_gecko.js <-- ISS Test /httpdocs/admin/extension/FCKeditor/editor/_source/internals fck_2_gecko.js
2008.06.30 18:33 B E:\projects\test.iss.edu.sg\test.iss.edu_.sg_backup_30062008\admin\extension\FCKeditor\editor\_source\internals\fck_2_ie.js <-- ISS Test /httpdocs/admin/extension/FCKeditor/editor/_source/internals fck_2_ie.js
2008.06.30 18:34 B E:\projects\test.iss.edu.sg\test.iss.edu_.sg_backup_30062008\admin\extension\FCKeditor\editor\_source\internals\fck_contextmenu.js <-- ISS Test /httpdocs/admin/extension/FCKeditor/editor/_source/internals fck_contextmenu.js
2008.06.30 18:34 B E:\projects\test.iss.edu.sg\test.iss.edu_.sg_backup_30062008\admin\extension\FCKeditor\editor\_source\internals\fck_gecko.js <-- ISS Test /httpdocs/admin/extension/FCKeditor/editor/_source/internals fck_gecko.js
2008.06.30 18:34 B E:\projects\test.iss.edu.sg\test.iss.edu_.sg_backup_30062008\admin\extension\FCKeditor\editor\_source\internals\fck_ie.js <-- ISS Test /httpdocs/admin/extension/FCKeditor/editor/_source/internals fck_ie.js
2008.06.30 18:34 B E:\projects\test.iss.edu.sg\test.iss.edu_.sg_backup_30062008\admin\extension\FCKeditor\editor\_source\internals\fckbrowserinfo.js <-- ISS Test /httpdocs/admin/extension/FCKeditor/editor/_source/internals fckbrowserinfo.js
2008.06.30 18:34 B E:\projects\test.iss.edu.sg\test.iss.edu_.sg_backup_30062008\admin\extension\FCKeditor\editor\_source\internals\fckcodeformatter.js <-- ISS Test /httpdocs/admin/extension/FCKeditor/editor/_source/internals fckcodeformatter.js
2008.06.30 18:34 B E:\projects\test.iss.edu.sg\test.iss.edu_.sg_backup_30062008\admin\extension\FCKeditor\editor\_source\internals\fckcommands.js <-- ISS Test /httpdocs/admin/extension/FCKeditor/editor/_source/internals fckcommands.js
2008.06.30 18:34 B E:\projects\test.iss.edu.sg\test.iss.edu_.sg_backup_30062008\admin\extension\FCKeditor\editor\_source\internals\fckconfig.js <-- ISS Test /httpdocs/admin/extension/FCKeditor/editor/_source/internals fckconfig.js
2008.06.30 18:34 B E:\projects\test.iss.edu.sg\test.iss.edu_.sg_backup_30062008\admin\extension\FCKeditor\editor\_source\internals\fckdebug.js <-- ISS Test /httpdocs/admin/extension/FCKeditor/editor/_source/internals fckdebug.js
2008.06.30 18:34 B E:\projects\test.iss.edu.sg\test.iss.edu_.sg_backup_30062008\admin\extension\FCKeditor\editor\_source\internals\fckdialog.js <-- ISS Test /httpdocs/admin/extension/FCKeditor/editor/_source/internals fckdialog.js
2008.06.30 18:34 B E:\projects\test.iss.edu.sg\test.iss.edu_.sg_backup_30062008\admin\extension\FCKeditor\editor\_source\internals\fckdialog_gecko.js <-- ISS Test /httpdocs/admin/extension/FCKeditor/editor/_source/internals fckdialog_gecko.js
2008.06.30 18:34 B E:\projects\test.iss.edu.sg\test.iss.edu_.sg_backup_30062008\admin\extension\FCKeditor\editor\_source\internals\fckdialog_ie.js <-- ISS Test /httpdocs/admin/extension/FCKeditor/editor/_source/internals fckdialog_ie.js
2008.06.30 18:35 B E:\projects\test.iss.edu.sg\test.iss.edu_.sg_backup_30062008\admin\extension\FCKeditor\editor\_source\internals\fckdocumentprocessor.js <-- ISS Test /httpdocs/admin/extension/FCKeditor/editor/_source/internals fckdocumentprocessor.js
2008.06.30 18:35 B E:\projects\test.iss.edu.sg\test.iss.edu_.sg_backup_30062008\admin\extension\FCKeditor\editor\_source\internals\fckdomtools.js <-- ISS Test /httpdocs/admin/extension/FCKeditor/editor/_source/internals fckdomtools.js
2008.06.30 18:37 B E:\projects\test.iss.edu.sg\test.iss.edu_.sg_backup_30062008\admin\extension\FCKeditor\editor\_source\internals\fcklanguagemanager.js <-- ISS Test /httpdocs/admin/extension/FCKeditor/editor/_source/internals fcklanguagemanager.js
2008.06.30 18:37 B E:\projects\test.iss.edu.sg\test.iss.edu_.sg_backup_30062008\admin\extension\FCKeditor\editor\_source\internals\fcklisthandler.js <-- ISS Test /httpdocs/admin/extension/FCKeditor/editor/_source/internals fcklisthandler.js
2008.06.30 18:37 B E:\projects\test.iss.edu.sg\test.iss.edu_.sg_backup_30062008\admin\extension\FCKeditor\editor\_source\internals\fcklistslib.js <-- ISS Test /httpdocs/admin/extension/FCKeditor/editor/_source/internals fcklistslib.js
2008.06.30 18:37 B E:\projects\test.iss.edu.sg\test.iss.edu_.sg_backup_30062008\admin\extension\FCKeditor\editor\_source\internals\fckplugins.js <-- ISS Test /httpdocs/admin/extension/FCKeditor/editor/_source/internals fckplugins.js
2008.06.30 18:37 B E:\projects\test.iss.edu.sg\test.iss.edu_.sg_backup_30062008\admin\extension\FCKeditor\editor\_source\internals\fckregexlib.js <-- ISS Test /httpdocs/admin/extension/FCKeditor/editor/_source/internals fckregexlib.js
2008.06.30 18:37 B E:\projects\test.iss.edu.sg\test.iss.edu_.sg_backup_30062008\admin\extension\FCKeditor\editor\_source\internals\fckselection.js <-- ISS Test /httpdocs/admin/extension/FCKeditor/editor/_source/internals fckselection.js
2008.06.30 18:39 B E:\projects\test.iss.edu.sg\test.iss.edu_.sg_backup_30062008\admin\extension\FCKeditor\editor\_source\internals\fckselection_gecko.js <-- ISS Test /httpdocs/admin/extension/FCKeditor/editor/_source/internals fckselection_gecko.js
2008.06.30 18:39 B E:\projects\test.iss.edu.sg\test.iss.edu_.sg_backup_30062008\admin\extension\FCKeditor\editor\_source\internals\fckselection_ie.js <-- ISS Test /httpdocs/admin/extension/FCKeditor/editor/_source/internals fckselection_ie.js
2008.06.30 18:39 B E:\projects\test.iss.edu.sg\test.iss.edu_.sg_backup_30062008\admin\extension\FCKeditor\editor\_source\internals\fcktablehandler.js <-- ISS Test /httpdocs/admin/extension/FCKeditor/editor/_source/internals fcktablehandler.js
2008.06.30 18:39 B E:\projects\test.iss.edu.sg\test.iss.edu_.sg_backup_30062008\admin\extension\FCKeditor\editor\_source\internals\fcktablehandler_gecko.js <-- ISS Test /httpdocs/admin/extension/FCKeditor/editor/_source/internals fcktablehandler_gecko.js
2008.06.30 18:40 B E:\projects\test.iss.edu.sg\test.iss.edu_.sg_backup_30062008\admin\extension\FCKeditor\editor\_source\internals\fcktablehandler_ie.js <-- ISS Test /httpdocs/admin/extension/FCKeditor/editor/_source/internals fcktablehandler_ie.js
2008.06.30 18:40 B E:\projects\test.iss.edu.sg\test.iss.edu_.sg_backup_30062008\admin\extension\FCKeditor\editor\_source\internals\fcktoolbaritems.js <-- ISS Test /httpdocs/admin/extension/FCKeditor/editor/_source/internals fcktoolbaritems.js
2008.06.30 18:40 B E:\projects\test.iss.edu.sg\test.iss.edu_.sg_backup_30062008\admin\extension\FCKeditor\editor\_source\internals\fcktoolbarset.js <-- ISS Test /httpdocs/admin/extension/FCKeditor/editor/_source/internals fcktoolbarset.js
2008.06.30 18:40 B E:\projects\test.iss.edu.sg\test.iss.edu_.sg_backup_30062008\admin\extension\FCKeditor\editor\_source\internals\fcktools.js <-- ISS Test /httpdocs/admin/extension/FCKeditor/editor/_source/internals fcktools.js
2008.06.30 18:40 B E:\projects\test.iss.edu.sg\test.iss.edu_.sg_backup_30062008\admin\extension\FCKeditor\editor\_source\internals\fcktools_gecko.js <-- ISS Test /httpdocs/admin/extension/FCKeditor/editor/_source/internals fcktools_gecko.js
2008.06.30 18:40 B E:\projects\test.iss.edu.sg\test.iss.edu_.sg_backup_30062008\admin\extension\FCKeditor\editor\_source\internals\fcktools_ie.js <-- ISS Test /httpdocs/admin/extension/FCKeditor/editor/_source/internals fcktools_ie.js
2008.06.30 18:40 B E:\projects\test.iss.edu.sg\test.iss.edu_.sg_backup_30062008\admin\extension\FCKeditor\editor\_source\internals\fckundo_gecko.js <-- ISS Test /httpdocs/admin/extension/FCKeditor/editor/_source/internals fckundo_gecko.js
2008.06.30 18:41 B E:\projects\test.iss.edu.sg\test.iss.edu_.sg_backup_30062008\admin\extension\FCKeditor\editor\_source\internals\fckundo_ie.js <-- ISS Test /httpdocs/admin/extension/FCKeditor/editor/_source/internals fckundo_ie.js
2008.06.30 18:41 B E:\projects\test.iss.edu.sg\test.iss.edu_.sg_backup_30062008\admin\extension\FCKeditor\editor\_source\internals\fckurlparams.js <-- ISS Test /httpdocs/admin/extension/FCKeditor/editor/_source/internals fckurlparams.js
2008.06.30 18:41 B E:\projects\test.iss.edu.sg\test.iss.edu_.sg_backup_30062008\admin\extension\FCKeditor\editor\_source\internals\fckxhtml.js <-- ISS Test /httpdocs/admin/extension/FCKeditor/editor/_source/internals fckxhtml.js
2008.06.30 18:41 B E:\projects\test.iss.edu.sg\test.iss.edu_.sg_backup_30062008\admin\extension\FCKeditor\editor\_source\internals\fckxhtml_gecko.js <-- ISS Test /httpdocs/admin/extension/FCKeditor/editor/_source/internals fckxhtml_gecko.js
2008.06.30 18:41 B E:\projects\test.iss.edu.sg\test.iss.edu_.sg_backup_30062008\admin\extension\FCKeditor\editor\_source\internals\fckxhtml_ie.js <-- ISS Test /httpdocs/admin/extension/FCKeditor/editor/_source/internals fckxhtml_ie.js
2008.06.30 18:41 B E:\projects\test.iss.edu.sg\test.iss.edu_.sg_backup_30062008\admin\extension\FCKeditor\editor\_source\internals\fckxhtmlentities.js <-- ISS Test /httpdocs/admin/extension/FCKeditor/editor/_source/internals fckxhtmlentities.js
