2008.06.30 18:53 B E:\projects\test.iss.edu.sg\test.iss.edu_.sg_backup_30062008\admin\extension\FCKeditor\editor\images\smiley\msn\angel_smile.gif <-- ISS Test /httpdocs/admin/extension/FCKeditor/editor/images/smiley/msn angel_smile.gif
2008.06.30 18:53 B E:\projects\test.iss.edu.sg\test.iss.edu_.sg_backup_30062008\admin\extension\FCKeditor\editor\images\smiley\msn\angry_smile.gif <-- ISS Test /httpdocs/admin/extension/FCKeditor/editor/images/smiley/msn angry_smile.gif
2008.06.30 18:53 B E:\projects\test.iss.edu.sg\test.iss.edu_.sg_backup_30062008\admin\extension\FCKeditor\editor\images\smiley\msn\broken_heart.gif <-- ISS Test /httpdocs/admin/extension/FCKeditor/editor/images/smiley/msn broken_heart.gif
2008.06.30 18:53 B E:\projects\test.iss.edu.sg\test.iss.edu_.sg_backup_30062008\admin\extension\FCKeditor\editor\images\smiley\msn\cake.gif <-- ISS Test /httpdocs/admin/extension/FCKeditor/editor/images/smiley/msn cake.gif
2008.06.30 18:53 B E:\projects\test.iss.edu.sg\test.iss.edu_.sg_backup_30062008\admin\extension\FCKeditor\editor\images\smiley\msn\confused_smile.gif <-- ISS Test /httpdocs/admin/extension/FCKeditor/editor/images/smiley/msn confused_smile.gif
2008.06.30 18:53 B E:\projects\test.iss.edu.sg\test.iss.edu_.sg_backup_30062008\admin\extension\FCKeditor\editor\images\smiley\msn\cry_smile.gif <-- ISS Test /httpdocs/admin/extension/FCKeditor/editor/images/smiley/msn cry_smile.gif
2008.06.30 18:53 B E:\projects\test.iss.edu.sg\test.iss.edu_.sg_backup_30062008\admin\extension\FCKeditor\editor\images\smiley\msn\devil_smile.gif <-- ISS Test /httpdocs/admin/extension/FCKeditor/editor/images/smiley/msn devil_smile.gif
2008.06.30 18:53 B E:\projects\test.iss.edu.sg\test.iss.edu_.sg_backup_30062008\admin\extension\FCKeditor\editor\images\smiley\msn\embaressed_smile.gif <-- ISS Test /httpdocs/admin/extension/FCKeditor/editor/images/smiley/msn embaressed_smile.gif
2008.06.30 18:53 B E:\projects\test.iss.edu.sg\test.iss.edu_.sg_backup_30062008\admin\extension\FCKeditor\editor\images\smiley\msn\envelope.gif <-- ISS Test /httpdocs/admin/extension/FCKeditor/editor/images/smiley/msn envelope.gif
2008.06.30 18:54 B E:\projects\test.iss.edu.sg\test.iss.edu_.sg_backup_30062008\admin\extension\FCKeditor\editor\images\smiley\msn\heart.gif <-- ISS Test /httpdocs/admin/extension/FCKeditor/editor/images/smiley/msn heart.gif
2008.06.30 18:54 B E:\projects\test.iss.edu.sg\test.iss.edu_.sg_backup_30062008\admin\extension\FCKeditor\editor\images\smiley\msn\kiss.gif <-- ISS Test /httpdocs/admin/extension/FCKeditor/editor/images/smiley/msn kiss.gif
2008.06.30 18:54 B E:\projects\test.iss.edu.sg\test.iss.edu_.sg_backup_30062008\admin\extension\FCKeditor\editor\images\smiley\msn\lightbulb.gif <-- ISS Test /httpdocs/admin/extension/FCKeditor/editor/images/smiley/msn lightbulb.gif
2008.06.30 18:54 B E:\projects\test.iss.edu.sg\test.iss.edu_.sg_backup_30062008\admin\extension\FCKeditor\editor\images\smiley\msn\omg_smile.gif <-- ISS Test /httpdocs/admin/extension/FCKeditor/editor/images/smiley/msn omg_smile.gif
2008.06.30 18:54 B E:\projects\test.iss.edu.sg\test.iss.edu_.sg_backup_30062008\admin\extension\FCKeditor\editor\images\smiley\msn\regular_smile.gif <-- ISS Test /httpdocs/admin/extension/FCKeditor/editor/images/smiley/msn regular_smile.gif
2008.06.30 18:54 B E:\projects\test.iss.edu.sg\test.iss.edu_.sg_backup_30062008\admin\extension\FCKeditor\editor\images\smiley\msn\sad_smile.gif <-- ISS Test /httpdocs/admin/extension/FCKeditor/editor/images/smiley/msn sad_smile.gif
2008.06.30 18:54 B E:\projects\test.iss.edu.sg\test.iss.edu_.sg_backup_30062008\admin\extension\FCKeditor\editor\images\smiley\msn\shades_smile.gif <-- ISS Test /httpdocs/admin/extension/FCKeditor/editor/images/smiley/msn shades_smile.gif
2008.06.30 18:54 B E:\projects\test.iss.edu.sg\test.iss.edu_.sg_backup_30062008\admin\extension\FCKeditor\editor\images\smiley\msn\teeth_smile.gif <-- ISS Test /httpdocs/admin/extension/FCKeditor/editor/images/smiley/msn teeth_smile.gif
2008.06.30 18:54 B E:\projects\test.iss.edu.sg\test.iss.edu_.sg_backup_30062008\admin\extension\FCKeditor\editor\images\smiley\msn\thumbs_down.gif <-- ISS Test /httpdocs/admin/extension/FCKeditor/editor/images/smiley/msn thumbs_down.gif
2008.06.30 18:54 B E:\projects\test.iss.edu.sg\test.iss.edu_.sg_backup_30062008\admin\extension\FCKeditor\editor\images\smiley\msn\thumbs_up.gif <-- ISS Test /httpdocs/admin/extension/FCKeditor/editor/images/smiley/msn thumbs_up.gif
2008.06.30 18:54 B E:\projects\test.iss.edu.sg\test.iss.edu_.sg_backup_30062008\admin\extension\FCKeditor\editor\images\smiley\msn\tounge_smile.gif <-- ISS Test /httpdocs/admin/extension/FCKeditor/editor/images/smiley/msn tounge_smile.gif
2008.06.30 18:54 B E:\projects\test.iss.edu.sg\test.iss.edu_.sg_backup_30062008\admin\extension\FCKeditor\editor\images\smiley\msn\whatchutalkingabout_smile.gif <-- ISS Test /httpdocs/admin/extension/FCKeditor/editor/images/smiley/msn whatchutalkingabout_smile.gif
2008.06.30 18:54 B E:\projects\test.iss.edu.sg\test.iss.edu_.sg_backup_30062008\admin\extension\FCKeditor\editor\images\smiley\msn\wink_smile.gif <-- ISS Test /httpdocs/admin/extension/FCKeditor/editor/images/smiley/msn wink_smile.gif
