2008.08.04 12:10 B D:\fckeditor\editor\lang\_getfontformat.html <-- www.sparklesphotoideas.com /admin/includes/fckeditor/editor/lang _getfontformat.html
2008.08.04 12:10 B D:\fckeditor\editor\lang\_translationstatus.txt <-- www.sparklesphotoideas.com /admin/includes/fckeditor/editor/lang _translationstatus.txt
2008.08.04 12:10 B D:\fckeditor\editor\lang\af.js <-- www.sparklesphotoideas.com /admin/includes/fckeditor/editor/lang af.js
2008.08.04 12:10 B D:\fckeditor\editor\lang\ar.js <-- www.sparklesphotoideas.com /admin/includes/fckeditor/editor/lang ar.js
2008.08.04 12:10 B D:\fckeditor\editor\lang\bg.js <-- www.sparklesphotoideas.com /admin/includes/fckeditor/editor/lang bg.js
2008.08.04 12:10 B D:\fckeditor\editor\lang\bn.js <-- www.sparklesphotoideas.com /admin/includes/fckeditor/editor/lang bn.js
2008.08.04 12:10 B D:\fckeditor\editor\lang\bs.js <-- www.sparklesphotoideas.com /admin/includes/fckeditor/editor/lang bs.js
2008.08.04 12:10 B D:\fckeditor\editor\lang\ca.js <-- www.sparklesphotoideas.com /admin/includes/fckeditor/editor/lang ca.js
2008.08.04 12:10 B D:\fckeditor\editor\lang\cs.js <-- www.sparklesphotoideas.com /admin/includes/fckeditor/editor/lang cs.js
2008.08.04 12:10 B D:\fckeditor\editor\lang\da.js <-- www.sparklesphotoideas.com /admin/includes/fckeditor/editor/lang da.js
2008.08.04 12:10 B D:\fckeditor\editor\lang\de.js <-- www.sparklesphotoideas.com /admin/includes/fckeditor/editor/lang de.js
2008.08.04 12:10 B D:\fckeditor\editor\lang\el.js <-- www.sparklesphotoideas.com /admin/includes/fckeditor/editor/lang el.js
2008.08.04 12:10 B D:\fckeditor\editor\lang\en-au.js <-- www.sparklesphotoideas.com /admin/includes/fckeditor/editor/lang en-au.js
2008.08.04 12:10 B D:\fckeditor\editor\lang\en-ca.js <-- www.sparklesphotoideas.com /admin/includes/fckeditor/editor/lang en-ca.js
2008.08.04 12:10 B D:\fckeditor\editor\lang\en-uk.js <-- www.sparklesphotoideas.com /admin/includes/fckeditor/editor/lang en-uk.js
2008.08.04 12:10 B D:\fckeditor\editor\lang\en.js <-- www.sparklesphotoideas.com /admin/includes/fckeditor/editor/lang en.js
2008.08.04 12:10 B D:\fckeditor\editor\lang\eo.js <-- www.sparklesphotoideas.com /admin/includes/fckeditor/editor/lang eo.js
2008.08.04 12:10 B D:\fckeditor\editor\lang\es.js <-- www.sparklesphotoideas.com /admin/includes/fckeditor/editor/lang es.js
2008.08.04 12:10 B D:\fckeditor\editor\lang\et.js <-- www.sparklesphotoideas.com /admin/includes/fckeditor/editor/lang et.js
2008.08.04 12:10 B D:\fckeditor\editor\lang\eu.js <-- www.sparklesphotoideas.com /admin/includes/fckeditor/editor/lang eu.js
2008.08.04 12:10 B D:\fckeditor\editor\lang\fa.js <-- www.sparklesphotoideas.com /admin/includes/fckeditor/editor/lang fa.js
2008.08.04 12:10 B D:\fckeditor\editor\lang\fi.js <-- www.sparklesphotoideas.com /admin/includes/fckeditor/editor/lang fi.js
2008.08.04 12:10 B D:\fckeditor\editor\lang\fo.js <-- www.sparklesphotoideas.com /admin/includes/fckeditor/editor/lang fo.js
2008.08.04 12:10 B D:\fckeditor\editor\lang\fr.js <-- www.sparklesphotoideas.com /admin/includes/fckeditor/editor/lang fr.js
2008.08.04 12:10 B D:\fckeditor\editor\lang\gl.js <-- www.sparklesphotoideas.com /admin/includes/fckeditor/editor/lang gl.js
2008.08.04 12:10 B D:\fckeditor\editor\lang\he.js <-- www.sparklesphotoideas.com /admin/includes/fckeditor/editor/lang he.js
2008.08.04 12:10 B D:\fckeditor\editor\lang\hi.js <-- www.sparklesphotoideas.com /admin/includes/fckeditor/editor/lang hi.js
2008.08.04 12:10 B D:\fckeditor\editor\lang\hr.js <-- www.sparklesphotoideas.com /admin/includes/fckeditor/editor/lang hr.js
2008.08.04 12:10 B D:\fckeditor\editor\lang\hu.js <-- www.sparklesphotoideas.com /admin/includes/fckeditor/editor/lang hu.js
2008.08.04 12:11 B D:\fckeditor\editor\lang\it.js <-- www.sparklesphotoideas.com /admin/includes/fckeditor/editor/lang it.js
2008.08.04 12:11 B D:\fckeditor\editor\lang\ja.js <-- www.sparklesphotoideas.com /admin/includes/fckeditor/editor/lang ja.js
2008.08.04 12:11 B D:\fckeditor\editor\lang\km.js <-- www.sparklesphotoideas.com /admin/includes/fckeditor/editor/lang km.js
2008.08.04 12:11 B D:\fckeditor\editor\lang\ko.js <-- www.sparklesphotoideas.com /admin/includes/fckeditor/editor/lang ko.js
2008.08.04 12:11 B D:\fckeditor\editor\lang\lt.js <-- www.sparklesphotoideas.com /admin/includes/fckeditor/editor/lang lt.js
2008.08.04 12:11 B D:\fckeditor\editor\lang\lv.js <-- www.sparklesphotoideas.com /admin/includes/fckeditor/editor/lang lv.js
2008.08.04 12:11 B D:\fckeditor\editor\lang\mn.js <-- www.sparklesphotoideas.com /admin/includes/fckeditor/editor/lang mn.js
2008.08.04 12:11 B D:\fckeditor\editor\lang\ms.js <-- www.sparklesphotoideas.com /admin/includes/fckeditor/editor/lang ms.js
2008.08.04 12:11 B D:\fckeditor\editor\lang\nb.js <-- www.sparklesphotoideas.com /admin/includes/fckeditor/editor/lang nb.js
2008.08.04 12:11 B D:\fckeditor\editor\lang\nl.js <-- www.sparklesphotoideas.com /admin/includes/fckeditor/editor/lang nl.js
2008.08.04 12:11 B D:\fckeditor\editor\lang\no.js <-- www.sparklesphotoideas.com /admin/includes/fckeditor/editor/lang no.js
2008.08.04 12:11 B D:\fckeditor\editor\lang\pl.js <-- www.sparklesphotoideas.com /admin/includes/fckeditor/editor/lang pl.js
2008.08.04 12:11 B D:\fckeditor\editor\lang\pt-br.js <-- www.sparklesphotoideas.com /admin/includes/fckeditor/editor/lang pt-br.js
2008.08.04 12:11 B D:\fckeditor\editor\lang\pt.js <-- www.sparklesphotoideas.com /admin/includes/fckeditor/editor/lang pt.js
2008.08.04 12:11 B D:\fckeditor\editor\lang\ro.js <-- www.sparklesphotoideas.com /admin/includes/fckeditor/editor/lang ro.js
2008.08.04 12:11 B D:\fckeditor\editor\lang\ru.js <-- www.sparklesphotoideas.com /admin/includes/fckeditor/editor/lang ru.js
2008.08.04 12:11 B D:\fckeditor\editor\lang\sk.js <-- www.sparklesphotoideas.com /admin/includes/fckeditor/editor/lang sk.js
2008.08.04 12:11 B D:\fckeditor\editor\lang\sl.js <-- www.sparklesphotoideas.com /admin/includes/fckeditor/editor/lang sl.js
2008.08.04 12:11 B D:\fckeditor\editor\lang\sr-latn.js <-- www.sparklesphotoideas.com /admin/includes/fckeditor/editor/lang sr-latn.js
2008.08.04 12:11 B D:\fckeditor\editor\lang\sr.js <-- www.sparklesphotoideas.com /admin/includes/fckeditor/editor/lang sr.js
2008.08.04 12:11 B D:\fckeditor\editor\lang\sv.js <-- www.sparklesphotoideas.com /admin/includes/fckeditor/editor/lang sv.js
2008.08.04 12:11 B D:\fckeditor\editor\lang\th.js <-- www.sparklesphotoideas.com /admin/includes/fckeditor/editor/lang th.js
2008.08.04 12:11 B D:\fckeditor\editor\lang\tr.js <-- www.sparklesphotoideas.com /admin/includes/fckeditor/editor/lang tr.js
2008.08.04 12:11 B D:\fckeditor\editor\lang\uk.js <-- www.sparklesphotoideas.com /admin/includes/fckeditor/editor/lang uk.js
2008.08.04 12:11 B D:\fckeditor\editor\lang\vi.js <-- www.sparklesphotoideas.com /admin/includes/fckeditor/editor/lang vi.js
2008.08.04 12:11 B D:\fckeditor\editor\lang\zh-cn.js <-- www.sparklesphotoideas.com /admin/includes/fckeditor/editor/lang zh-cn.js
2008.08.04 12:12 B D:\fckeditor\editor\lang\zh.js <-- www.sparklesphotoideas.com /admin/includes/fckeditor/editor/lang zh.js
