2008.06.30 18:48 B E:\projects\test.iss.edu.sg\test.iss.edu_.sg_backup_30062008\admin\extension\FCKeditor\editor\filemanager\browser\default\images\icons\32\ai.gif <-- ISS Test /httpdocs/admin/extension/FCKeditor/editor/filemanager/browser/default/images/icons/32 ai.gif
2008.06.30 18:48 B E:\projects\test.iss.edu.sg\test.iss.edu_.sg_backup_30062008\admin\extension\FCKeditor\editor\filemanager\browser\default\images\icons\32\avi.gif <-- ISS Test /httpdocs/admin/extension/FCKeditor/editor/filemanager/browser/default/images/icons/32 avi.gif
2008.06.30 18:48 B E:\projects\test.iss.edu.sg\test.iss.edu_.sg_backup_30062008\admin\extension\FCKeditor\editor\filemanager\browser\default\images\icons\32\bmp.gif <-- ISS Test /httpdocs/admin/extension/FCKeditor/editor/filemanager/browser/default/images/icons/32 bmp.gif
2008.06.30 18:48 B E:\projects\test.iss.edu.sg\test.iss.edu_.sg_backup_30062008\admin\extension\FCKeditor\editor\filemanager\browser\default\images\icons\32\cs.gif <-- ISS Test /httpdocs/admin/extension/FCKeditor/editor/filemanager/browser/default/images/icons/32 cs.gif
2008.06.30 18:48 B E:\projects\test.iss.edu.sg\test.iss.edu_.sg_backup_30062008\admin\extension\FCKeditor\editor\filemanager\browser\default\images\icons\32\default.icon.gif <-- ISS Test /httpdocs/admin/extension/FCKeditor/editor/filemanager/browser/default/images/icons/32 default.icon.gif
2008.06.30 18:49 B E:\projects\test.iss.edu.sg\test.iss.edu_.sg_backup_30062008\admin\extension\FCKeditor\editor\filemanager\browser\default\images\icons\32\dll.gif <-- ISS Test /httpdocs/admin/extension/FCKeditor/editor/filemanager/browser/default/images/icons/32 dll.gif
2008.06.30 18:49 B E:\projects\test.iss.edu.sg\test.iss.edu_.sg_backup_30062008\admin\extension\FCKeditor\editor\filemanager\browser\default\images\icons\32\doc.gif <-- ISS Test /httpdocs/admin/extension/FCKeditor/editor/filemanager/browser/default/images/icons/32 doc.gif
2008.06.30 18:49 B E:\projects\test.iss.edu.sg\test.iss.edu_.sg_backup_30062008\admin\extension\FCKeditor\editor\filemanager\browser\default\images\icons\32\exe.gif <-- ISS Test /httpdocs/admin/extension/FCKeditor/editor/filemanager/browser/default/images/icons/32 exe.gif
2008.06.30 18:49 B E:\projects\test.iss.edu.sg\test.iss.edu_.sg_backup_30062008\admin\extension\FCKeditor\editor\filemanager\browser\default\images\icons\32\fla.gif <-- ISS Test /httpdocs/admin/extension/FCKeditor/editor/filemanager/browser/default/images/icons/32 fla.gif
2008.06.30 18:49 B E:\projects\test.iss.edu.sg\test.iss.edu_.sg_backup_30062008\admin\extension\FCKeditor\editor\filemanager\browser\default\images\icons\32\gif.gif <-- ISS Test /httpdocs/admin/extension/FCKeditor/editor/filemanager/browser/default/images/icons/32 gif.gif
2008.06.30 18:49 B E:\projects\test.iss.edu.sg\test.iss.edu_.sg_backup_30062008\admin\extension\FCKeditor\editor\filemanager\browser\default\images\icons\32\htm.gif <-- ISS Test /httpdocs/admin/extension/FCKeditor/editor/filemanager/browser/default/images/icons/32 htm.gif
2008.06.30 18:49 B E:\projects\test.iss.edu.sg\test.iss.edu_.sg_backup_30062008\admin\extension\FCKeditor\editor\filemanager\browser\default\images\icons\32\html.gif <-- ISS Test /httpdocs/admin/extension/FCKeditor/editor/filemanager/browser/default/images/icons/32 html.gif
2008.06.30 18:49 B E:\projects\test.iss.edu.sg\test.iss.edu_.sg_backup_30062008\admin\extension\FCKeditor\editor\filemanager\browser\default\images\icons\32\jpg.gif <-- ISS Test /httpdocs/admin/extension/FCKeditor/editor/filemanager/browser/default/images/icons/32 jpg.gif
2008.06.30 18:49 B E:\projects\test.iss.edu.sg\test.iss.edu_.sg_backup_30062008\admin\extension\FCKeditor\editor\filemanager\browser\default\images\icons\32\js.gif <-- ISS Test /httpdocs/admin/extension/FCKeditor/editor/filemanager/browser/default/images/icons/32 js.gif
2008.06.30 18:49 B E:\projects\test.iss.edu.sg\test.iss.edu_.sg_backup_30062008\admin\extension\FCKeditor\editor\filemanager\browser\default\images\icons\32\mdb.gif <-- ISS Test /httpdocs/admin/extension/FCKeditor/editor/filemanager/browser/default/images/icons/32 mdb.gif
2008.06.30 18:49 B E:\projects\test.iss.edu.sg\test.iss.edu_.sg_backup_30062008\admin\extension\FCKeditor\editor\filemanager\browser\default\images\icons\32\mp3.gif <-- ISS Test /httpdocs/admin/extension/FCKeditor/editor/filemanager/browser/default/images/icons/32 mp3.gif
2008.06.30 18:49 B E:\projects\test.iss.edu.sg\test.iss.edu_.sg_backup_30062008\admin\extension\FCKeditor\editor\filemanager\browser\default\images\icons\32\pdf.gif <-- ISS Test /httpdocs/admin/extension/FCKeditor/editor/filemanager/browser/default/images/icons/32 pdf.gif
2008.06.30 18:49 B E:\projects\test.iss.edu.sg\test.iss.edu_.sg_backup_30062008\admin\extension\FCKeditor\editor\filemanager\browser\default\images\icons\32\png.gif <-- ISS Test /httpdocs/admin/extension/FCKeditor/editor/filemanager/browser/default/images/icons/32 png.gif
2008.06.30 18:49 B E:\projects\test.iss.edu.sg\test.iss.edu_.sg_backup_30062008\admin\extension\FCKeditor\editor\filemanager\browser\default\images\icons\32\ppt.gif <-- ISS Test /httpdocs/admin/extension/FCKeditor/editor/filemanager/browser/default/images/icons/32 ppt.gif
2008.06.30 18:49 B E:\projects\test.iss.edu.sg\test.iss.edu_.sg_backup_30062008\admin\extension\FCKeditor\editor\filemanager\browser\default\images\icons\32\rdp.gif <-- ISS Test /httpdocs/admin/extension/FCKeditor/editor/filemanager/browser/default/images/icons/32 rdp.gif
2008.06.30 18:49 B E:\projects\test.iss.edu.sg\test.iss.edu_.sg_backup_30062008\admin\extension\FCKeditor\editor\filemanager\browser\default\images\icons\32\swf.gif <-- ISS Test /httpdocs/admin/extension/FCKeditor/editor/filemanager/browser/default/images/icons/32 swf.gif
2008.06.30 18:49 B E:\projects\test.iss.edu.sg\test.iss.edu_.sg_backup_30062008\admin\extension\FCKeditor\editor\filemanager\browser\default\images\icons\32\swt.gif <-- ISS Test /httpdocs/admin/extension/FCKeditor/editor/filemanager/browser/default/images/icons/32 swt.gif
2008.06.30 18:49 B E:\projects\test.iss.edu.sg\test.iss.edu_.sg_backup_30062008\admin\extension\FCKeditor\editor\filemanager\browser\default\images\icons\32\txt.gif <-- ISS Test /httpdocs/admin/extension/FCKeditor/editor/filemanager/browser/default/images/icons/32 txt.gif
2008.06.30 18:49 B E:\projects\test.iss.edu.sg\test.iss.edu_.sg_backup_30062008\admin\extension\FCKeditor\editor\filemanager\browser\default\images\icons\32\vsd.gif <-- ISS Test /httpdocs/admin/extension/FCKeditor/editor/filemanager/browser/default/images/icons/32 vsd.gif
2008.06.30 18:49 B E:\projects\test.iss.edu.sg\test.iss.edu_.sg_backup_30062008\admin\extension\FCKeditor\editor\filemanager\browser\default\images\icons\32\xls.gif <-- ISS Test /httpdocs/admin/extension/FCKeditor/editor/filemanager/browser/default/images/icons/32 xls.gif
2008.06.30 18:50 B E:\projects\test.iss.edu.sg\test.iss.edu_.sg_backup_30062008\admin\extension\FCKeditor\editor\filemanager\browser\default\images\icons\32\xml.gif <-- ISS Test /httpdocs/admin/extension/FCKeditor/editor/filemanager/browser/default/images/icons/32 xml.gif
2008.06.30 18:50 B E:\projects\test.iss.edu.sg\test.iss.edu_.sg_backup_30062008\admin\extension\FCKeditor\editor\filemanager\browser\default\images\icons\32\zip.gif <-- ISS Test /httpdocs/admin/extension/FCKeditor/editor/filemanager/browser/default/images/icons/32 zip.gif
