2008.08.04 12:03 B D:\fckeditor\editor\_source\internals\fck.js <-- www.sparklesphotoideas.com /admin/includes/fckeditor/editor/_source/internals fck.js
2008.08.04 12:03 B D:\fckeditor\editor\_source\internals\fck_contextmenu.js <-- www.sparklesphotoideas.com /admin/includes/fckeditor/editor/_source/internals fck_contextmenu.js
2008.08.04 12:03 B D:\fckeditor\editor\_source\internals\fck_gecko.js <-- www.sparklesphotoideas.com /admin/includes/fckeditor/editor/_source/internals fck_gecko.js
2008.08.04 12:03 B D:\fckeditor\editor\_source\internals\fck_ie.js <-- www.sparklesphotoideas.com /admin/includes/fckeditor/editor/_source/internals fck_ie.js
2008.08.04 12:03 B D:\fckeditor\editor\_source\internals\fckbrowserinfo.js <-- www.sparklesphotoideas.com /admin/includes/fckeditor/editor/_source/internals fckbrowserinfo.js
2008.08.04 12:03 B D:\fckeditor\editor\_source\internals\fckcodeformatter.js <-- www.sparklesphotoideas.com /admin/includes/fckeditor/editor/_source/internals fckcodeformatter.js
2008.08.04 12:03 B D:\fckeditor\editor\_source\internals\fckcommands.js <-- www.sparklesphotoideas.com /admin/includes/fckeditor/editor/_source/internals fckcommands.js
2008.08.04 12:03 B D:\fckeditor\editor\_source\internals\fckconfig.js <-- www.sparklesphotoideas.com /admin/includes/fckeditor/editor/_source/internals fckconfig.js
2008.08.04 12:03 B D:\fckeditor\editor\_source\internals\fckdebug.js <-- www.sparklesphotoideas.com /admin/includes/fckeditor/editor/_source/internals fckdebug.js
2008.08.04 12:03 B D:\fckeditor\editor\_source\internals\fckdialog.js <-- www.sparklesphotoideas.com /admin/includes/fckeditor/editor/_source/internals fckdialog.js
2008.08.04 12:03 B D:\fckeditor\editor\_source\internals\fckdialog_gecko.js <-- www.sparklesphotoideas.com /admin/includes/fckeditor/editor/_source/internals fckdialog_gecko.js
2008.08.04 12:03 B D:\fckeditor\editor\_source\internals\fckdialog_ie.js <-- www.sparklesphotoideas.com /admin/includes/fckeditor/editor/_source/internals fckdialog_ie.js
2008.08.04 12:03 B D:\fckeditor\editor\_source\internals\fckdocumentprocessor.js <-- www.sparklesphotoideas.com /admin/includes/fckeditor/editor/_source/internals fckdocumentprocessor.js
2008.08.04 12:03 B D:\fckeditor\editor\_source\internals\fckdomtools.js <-- www.sparklesphotoideas.com /admin/includes/fckeditor/editor/_source/internals fckdomtools.js
2008.08.04 12:03 B D:\fckeditor\editor\_source\internals\fcklanguagemanager.js <-- www.sparklesphotoideas.com /admin/includes/fckeditor/editor/_source/internals fcklanguagemanager.js
2008.08.04 12:03 B D:\fckeditor\editor\_source\internals\fcklisthandler.js <-- www.sparklesphotoideas.com /admin/includes/fckeditor/editor/_source/internals fcklisthandler.js
2008.08.04 12:03 B D:\fckeditor\editor\_source\internals\fcklistslib.js <-- www.sparklesphotoideas.com /admin/includes/fckeditor/editor/_source/internals fcklistslib.js
2008.08.04 12:03 B D:\fckeditor\editor\_source\internals\fckplugins.js <-- www.sparklesphotoideas.com /admin/includes/fckeditor/editor/_source/internals fckplugins.js
2008.08.04 12:03 B D:\fckeditor\editor\_source\internals\fckregexlib.js <-- www.sparklesphotoideas.com /admin/includes/fckeditor/editor/_source/internals fckregexlib.js
2008.08.04 12:03 B D:\fckeditor\editor\_source\internals\fckselection.js <-- www.sparklesphotoideas.com /admin/includes/fckeditor/editor/_source/internals fckselection.js
2008.08.04 12:03 B D:\fckeditor\editor\_source\internals\fckselection_gecko.js <-- www.sparklesphotoideas.com /admin/includes/fckeditor/editor/_source/internals fckselection_gecko.js
2008.08.04 12:03 B D:\fckeditor\editor\_source\internals\fckselection_ie.js <-- www.sparklesphotoideas.com /admin/includes/fckeditor/editor/_source/internals fckselection_ie.js
2008.08.04 12:03 B D:\fckeditor\editor\_source\internals\fcktablehandler.js <-- www.sparklesphotoideas.com /admin/includes/fckeditor/editor/_source/internals fcktablehandler.js
2008.08.04 12:03 B D:\fckeditor\editor\_source\internals\fcktablehandler_gecko.js <-- www.sparklesphotoideas.com /admin/includes/fckeditor/editor/_source/internals fcktablehandler_gecko.js
2008.08.04 12:03 B D:\fckeditor\editor\_source\internals\fcktablehandler_ie.js <-- www.sparklesphotoideas.com /admin/includes/fckeditor/editor/_source/internals fcktablehandler_ie.js
2008.08.04 12:03 B D:\fckeditor\editor\_source\internals\fcktoolbaritems.js <-- www.sparklesphotoideas.com /admin/includes/fckeditor/editor/_source/internals fcktoolbaritems.js
2008.08.04 12:03 B D:\fckeditor\editor\_source\internals\fcktoolbarset.js <-- www.sparklesphotoideas.com /admin/includes/fckeditor/editor/_source/internals fcktoolbarset.js
2008.08.04 12:03 B D:\fckeditor\editor\_source\internals\fcktools.js <-- www.sparklesphotoideas.com /admin/includes/fckeditor/editor/_source/internals fcktools.js
2008.08.04 12:03 B D:\fckeditor\editor\_source\internals\fcktools_gecko.js <-- www.sparklesphotoideas.com /admin/includes/fckeditor/editor/_source/internals fcktools_gecko.js
2008.08.04 12:03 B D:\fckeditor\editor\_source\internals\fcktools_ie.js <-- www.sparklesphotoideas.com /admin/includes/fckeditor/editor/_source/internals fcktools_ie.js
2008.08.04 12:03 B D:\fckeditor\editor\_source\internals\fckundo_gecko.js <-- www.sparklesphotoideas.com /admin/includes/fckeditor/editor/_source/internals fckundo_gecko.js
2008.08.04 12:03 B D:\fckeditor\editor\_source\internals\fckundo_ie.js <-- www.sparklesphotoideas.com /admin/includes/fckeditor/editor/_source/internals fckundo_ie.js
2008.08.04 12:03 B D:\fckeditor\editor\_source\internals\fckurlparams.js <-- www.sparklesphotoideas.com /admin/includes/fckeditor/editor/_source/internals fckurlparams.js
2008.08.04 12:03 B D:\fckeditor\editor\_source\internals\fckxhtml.js <-- www.sparklesphotoideas.com /admin/includes/fckeditor/editor/_source/internals fckxhtml.js
2008.08.04 12:03 B D:\fckeditor\editor\_source\internals\fckxhtml_gecko.js <-- www.sparklesphotoideas.com /admin/includes/fckeditor/editor/_source/internals fckxhtml_gecko.js
2008.08.04 12:03 B D:\fckeditor\editor\_source\internals\fckxhtml_ie.js <-- www.sparklesphotoideas.com /admin/includes/fckeditor/editor/_source/internals fckxhtml_ie.js
2008.08.04 12:03 B D:\fckeditor\editor\_source\internals\fckxhtmlentities.js <-- www.sparklesphotoideas.com /admin/includes/fckeditor/editor/_source/internals fckxhtmlentities.js
