2008.06.30 18:29 B E:\projects\test.iss.edu.sg\test.iss.edu_.sg_backup_30062008\admin\extension\FCKeditor\editor\_source\classes\fckcontextmenu.js <-- ISS Test /httpdocs/admin/extension/FCKeditor/editor/_source/classes fckcontextmenu.js
2008.06.30 18:29 B E:\projects\test.iss.edu.sg\test.iss.edu_.sg_backup_30062008\admin\extension\FCKeditor\editor\_source\classes\fckdocumentfragment_gecko.js <-- ISS Test /httpdocs/admin/extension/FCKeditor/editor/_source/classes fckdocumentfragment_gecko.js
2008.06.30 18:29 B E:\projects\test.iss.edu.sg\test.iss.edu_.sg_backup_30062008\admin\extension\FCKeditor\editor\_source\classes\fckdocumentfragment_ie.js <-- ISS Test /httpdocs/admin/extension/FCKeditor/editor/_source/classes fckdocumentfragment_ie.js
2008.06.30 18:29 B E:\projects\test.iss.edu.sg\test.iss.edu_.sg_backup_30062008\admin\extension\FCKeditor\editor\_source\classes\fckdomrange.js <-- ISS Test /httpdocs/admin/extension/FCKeditor/editor/_source/classes fckdomrange.js
2008.06.30 18:29 B E:\projects\test.iss.edu.sg\test.iss.edu_.sg_backup_30062008\admin\extension\FCKeditor\editor\_source\classes\fckdomrange_gecko.js <-- ISS Test /httpdocs/admin/extension/FCKeditor/editor/_source/classes fckdomrange_gecko.js
2008.06.30 18:29 B E:\projects\test.iss.edu.sg\test.iss.edu_.sg_backup_30062008\admin\extension\FCKeditor\editor\_source\classes\fckdomrange_ie.js <-- ISS Test /httpdocs/admin/extension/FCKeditor/editor/_source/classes fckdomrange_ie.js
2008.06.30 18:29 B E:\projects\test.iss.edu.sg\test.iss.edu_.sg_backup_30062008\admin\extension\FCKeditor\editor\_source\classes\fckeditingarea.js <-- ISS Test /httpdocs/admin/extension/FCKeditor/editor/_source/classes fckeditingarea.js
2008.06.30 18:29 B E:\projects\test.iss.edu.sg\test.iss.edu_.sg_backup_30062008\admin\extension\FCKeditor\editor\_source\classes\fckelementpath.js <-- ISS Test /httpdocs/admin/extension/FCKeditor/editor/_source/classes fckelementpath.js
2008.06.30 18:29 B E:\projects\test.iss.edu.sg\test.iss.edu_.sg_backup_30062008\admin\extension\FCKeditor\editor\_source\classes\fckenterkey.js <-- ISS Test /httpdocs/admin/extension/FCKeditor/editor/_source/classes fckenterkey.js
2008.06.30 18:29 B E:\projects\test.iss.edu.sg\test.iss.edu_.sg_backup_30062008\admin\extension\FCKeditor\editor\_source\classes\fckevents.js <-- ISS Test /httpdocs/admin/extension/FCKeditor/editor/_source/classes fckevents.js
2008.06.30 18:29 B E:\projects\test.iss.edu.sg\test.iss.edu_.sg_backup_30062008\admin\extension\FCKeditor\editor\_source\classes\fckicon.js <-- ISS Test /httpdocs/admin/extension/FCKeditor/editor/_source/classes fckicon.js
2008.06.30 18:29 B E:\projects\test.iss.edu.sg\test.iss.edu_.sg_backup_30062008\admin\extension\FCKeditor\editor\_source\classes\fckiecleanup.js <-- ISS Test /httpdocs/admin/extension/FCKeditor/editor/_source/classes fckiecleanup.js
2008.06.30 18:29 B E:\projects\test.iss.edu.sg\test.iss.edu_.sg_backup_30062008\admin\extension\FCKeditor\editor\_source\classes\fckimagepreloader.js <-- ISS Test /httpdocs/admin/extension/FCKeditor/editor/_source/classes fckimagepreloader.js
2008.06.30 18:29 B E:\projects\test.iss.edu.sg\test.iss.edu_.sg_backup_30062008\admin\extension\FCKeditor\editor\_source\classes\fckkeystrokehandler.js <-- ISS Test /httpdocs/admin/extension/FCKeditor/editor/_source/classes fckkeystrokehandler.js
2008.06.30 18:30 B E:\projects\test.iss.edu.sg\test.iss.edu_.sg_backup_30062008\admin\extension\FCKeditor\editor\_source\classes\fckmenublock.js <-- ISS Test /httpdocs/admin/extension/FCKeditor/editor/_source/classes fckmenublock.js
2008.06.30 18:30 B E:\projects\test.iss.edu.sg\test.iss.edu_.sg_backup_30062008\admin\extension\FCKeditor\editor\_source\classes\fckmenublockpanel.js <-- ISS Test /httpdocs/admin/extension/FCKeditor/editor/_source/classes fckmenublockpanel.js
2008.06.30 18:30 B E:\projects\test.iss.edu.sg\test.iss.edu_.sg_backup_30062008\admin\extension\FCKeditor\editor\_source\classes\fckmenuitem.js <-- ISS Test /httpdocs/admin/extension/FCKeditor/editor/_source/classes fckmenuitem.js
2008.06.30 18:30 B E:\projects\test.iss.edu.sg\test.iss.edu_.sg_backup_30062008\admin\extension\FCKeditor\editor\_source\classes\fckpanel.js <-- ISS Test /httpdocs/admin/extension/FCKeditor/editor/_source/classes fckpanel.js
2008.06.30 18:30 B E:\projects\test.iss.edu.sg\test.iss.edu_.sg_backup_30062008\admin\extension\FCKeditor\editor\_source\classes\fckplugin.js <-- ISS Test /httpdocs/admin/extension/FCKeditor/editor/_source/classes fckplugin.js
2008.06.30 18:31 B E:\projects\test.iss.edu.sg\test.iss.edu_.sg_backup_30062008\admin\extension\FCKeditor\editor\_source\classes\fckspecialcombo.js <-- ISS Test /httpdocs/admin/extension/FCKeditor/editor/_source/classes fckspecialcombo.js
2008.06.30 18:31 B E:\projects\test.iss.edu.sg\test.iss.edu_.sg_backup_30062008\admin\extension\FCKeditor\editor\_source\classes\fckstyledef.js <-- ISS Test /httpdocs/admin/extension/FCKeditor/editor/_source/classes fckstyledef.js
2008.06.30 18:31 B E:\projects\test.iss.edu.sg\test.iss.edu_.sg_backup_30062008\admin\extension\FCKeditor\editor\_source\classes\fckstyledef_gecko.js <-- ISS Test /httpdocs/admin/extension/FCKeditor/editor/_source/classes fckstyledef_gecko.js
2008.06.30 18:31 B E:\projects\test.iss.edu.sg\test.iss.edu_.sg_backup_30062008\admin\extension\FCKeditor\editor\_source\classes\fckstyledef_ie.js <-- ISS Test /httpdocs/admin/extension/FCKeditor/editor/_source/classes fckstyledef_ie.js
2008.06.30 18:31 B E:\projects\test.iss.edu.sg\test.iss.edu_.sg_backup_30062008\admin\extension\FCKeditor\editor\_source\classes\fckstylesloader.js <-- ISS Test /httpdocs/admin/extension/FCKeditor/editor/_source/classes fckstylesloader.js
2008.06.30 18:31 B E:\projects\test.iss.edu.sg\test.iss.edu_.sg_backup_30062008\admin\extension\FCKeditor\editor\_source\classes\fcktoolbar.js <-- ISS Test /httpdocs/admin/extension/FCKeditor/editor/_source/classes fcktoolbar.js
2008.06.30 18:31 B E:\projects\test.iss.edu.sg\test.iss.edu_.sg_backup_30062008\admin\extension\FCKeditor\editor\_source\classes\fcktoolbarbreak_gecko.js <-- ISS Test /httpdocs/admin/extension/FCKeditor/editor/_source/classes fcktoolbarbreak_gecko.js
2008.06.30 18:31 B E:\projects\test.iss.edu.sg\test.iss.edu_.sg_backup_30062008\admin\extension\FCKeditor\editor\_source\classes\fcktoolbarbreak_ie.js <-- ISS Test /httpdocs/admin/extension/FCKeditor/editor/_source/classes fcktoolbarbreak_ie.js
2008.06.30 18:31 B E:\projects\test.iss.edu.sg\test.iss.edu_.sg_backup_30062008\admin\extension\FCKeditor\editor\_source\classes\fcktoolbarbutton.js <-- ISS Test /httpdocs/admin/extension/FCKeditor/editor/_source/classes fcktoolbarbutton.js
2008.06.30 18:31 B E:\projects\test.iss.edu.sg\test.iss.edu_.sg_backup_30062008\admin\extension\FCKeditor\editor\_source\classes\fcktoolbarbuttonui.js <-- ISS Test /httpdocs/admin/extension/FCKeditor/editor/_source/classes fcktoolbarbuttonui.js
2008.06.30 18:31 B E:\projects\test.iss.edu.sg\test.iss.edu_.sg_backup_30062008\admin\extension\FCKeditor\editor\_source\classes\fcktoolbarfontformatcombo.js <-- ISS Test /httpdocs/admin/extension/FCKeditor/editor/_source/classes fcktoolbarfontformatcombo.js
2008.06.30 18:31 B E:\projects\test.iss.edu.sg\test.iss.edu_.sg_backup_30062008\admin\extension\FCKeditor\editor\_source\classes\fcktoolbarfontscombo.js <-- ISS Test /httpdocs/admin/extension/FCKeditor/editor/_source/classes fcktoolbarfontscombo.js
2008.06.30 18:31 B E:\projects\test.iss.edu.sg\test.iss.edu_.sg_backup_30062008\admin\extension\FCKeditor\editor\_source\classes\fcktoolbarfontsizecombo.js <-- ISS Test /httpdocs/admin/extension/FCKeditor/editor/_source/classes fcktoolbarfontsizecombo.js
2008.06.30 18:32 B E:\projects\test.iss.edu.sg\test.iss.edu_.sg_backup_30062008\admin\extension\FCKeditor\editor\_source\classes\fcktoolbarpanelbutton.js <-- ISS Test /httpdocs/admin/extension/FCKeditor/editor/_source/classes fcktoolbarpanelbutton.js
2008.06.30 18:32 B E:\projects\test.iss.edu.sg\test.iss.edu_.sg_backup_30062008\admin\extension\FCKeditor\editor\_source\classes\fcktoolbarspecialcombo.js <-- ISS Test /httpdocs/admin/extension/FCKeditor/editor/_source/classes fcktoolbarspecialcombo.js
2008.06.30 18:32 B E:\projects\test.iss.edu.sg\test.iss.edu_.sg_backup_30062008\admin\extension\FCKeditor\editor\_source\classes\fcktoolbarstylecombo.js <-- ISS Test /httpdocs/admin/extension/FCKeditor/editor/_source/classes fcktoolbarstylecombo.js
2008.06.30 18:32 B E:\projects\test.iss.edu.sg\test.iss.edu_.sg_backup_30062008\admin\extension\FCKeditor\editor\_source\classes\fckw3crange.js <-- ISS Test /httpdocs/admin/extension/FCKeditor/editor/_source/classes fckw3crange.js
2008.06.30 18:32 B E:\projects\test.iss.edu.sg\test.iss.edu_.sg_backup_30062008\admin\extension\FCKeditor\editor\_source\classes\fckxml_gecko.js <-- ISS Test /httpdocs/admin/extension/FCKeditor/editor/_source/classes fckxml_gecko.js
2008.06.30 18:32 B E:\projects\test.iss.edu.sg\test.iss.edu_.sg_backup_30062008\admin\extension\FCKeditor\editor\_source\classes\fckxml_ie.js <-- ISS Test /httpdocs/admin/extension/FCKeditor/editor/_source/classes fckxml_ie.js
