2008.06.30 18:50 B E:\projects\test.iss.edu.sg\test.iss.edu_.sg_backup_30062008\admin\extension\FCKeditor\editor\filemanager\browser\default\images\icons\ai.gif <-- ISS Test /httpdocs/admin/extension/FCKeditor/editor/filemanager/browser/default/images/icons ai.gif
2008.06.30 18:50 B E:\projects\test.iss.edu.sg\test.iss.edu_.sg_backup_30062008\admin\extension\FCKeditor\editor\filemanager\browser\default\images\icons\avi.gif <-- ISS Test /httpdocs/admin/extension/FCKeditor/editor/filemanager/browser/default/images/icons avi.gif
2008.06.30 18:50 B E:\projects\test.iss.edu.sg\test.iss.edu_.sg_backup_30062008\admin\extension\FCKeditor\editor\filemanager\browser\default\images\icons\bmp.gif <-- ISS Test /httpdocs/admin/extension/FCKeditor/editor/filemanager/browser/default/images/icons bmp.gif
2008.06.30 18:50 B E:\projects\test.iss.edu.sg\test.iss.edu_.sg_backup_30062008\admin\extension\FCKeditor\editor\filemanager\browser\default\images\icons\cs.gif <-- ISS Test /httpdocs/admin/extension/FCKeditor/editor/filemanager/browser/default/images/icons cs.gif
2008.06.30 18:50 B E:\projects\test.iss.edu.sg\test.iss.edu_.sg_backup_30062008\admin\extension\FCKeditor\editor\filemanager\browser\default\images\icons\default.icon.gif <-- ISS Test /httpdocs/admin/extension/FCKeditor/editor/filemanager/browser/default/images/icons default.icon.gif
2008.06.30 18:50 B E:\projects\test.iss.edu.sg\test.iss.edu_.sg_backup_30062008\admin\extension\FCKeditor\editor\filemanager\browser\default\images\icons\dll.gif <-- ISS Test /httpdocs/admin/extension/FCKeditor/editor/filemanager/browser/default/images/icons dll.gif
2008.06.30 18:50 B E:\projects\test.iss.edu.sg\test.iss.edu_.sg_backup_30062008\admin\extension\FCKeditor\editor\filemanager\browser\default\images\icons\doc.gif <-- ISS Test /httpdocs/admin/extension/FCKeditor/editor/filemanager/browser/default/images/icons doc.gif
2008.06.30 18:50 B E:\projects\test.iss.edu.sg\test.iss.edu_.sg_backup_30062008\admin\extension\FCKeditor\editor\filemanager\browser\default\images\icons\exe.gif <-- ISS Test /httpdocs/admin/extension/FCKeditor/editor/filemanager/browser/default/images/icons exe.gif
2008.06.30 18:50 B E:\projects\test.iss.edu.sg\test.iss.edu_.sg_backup_30062008\admin\extension\FCKeditor\editor\filemanager\browser\default\images\icons\fla.gif <-- ISS Test /httpdocs/admin/extension/FCKeditor/editor/filemanager/browser/default/images/icons fla.gif
2008.06.30 18:50 B E:\projects\test.iss.edu.sg\test.iss.edu_.sg_backup_30062008\admin\extension\FCKeditor\editor\filemanager\browser\default\images\icons\gif.gif <-- ISS Test /httpdocs/admin/extension/FCKeditor/editor/filemanager/browser/default/images/icons gif.gif
2008.06.30 18:50 B E:\projects\test.iss.edu.sg\test.iss.edu_.sg_backup_30062008\admin\extension\FCKeditor\editor\filemanager\browser\default\images\icons\htm.gif <-- ISS Test /httpdocs/admin/extension/FCKeditor/editor/filemanager/browser/default/images/icons htm.gif
2008.06.30 18:50 B E:\projects\test.iss.edu.sg\test.iss.edu_.sg_backup_30062008\admin\extension\FCKeditor\editor\filemanager\browser\default\images\icons\html.gif <-- ISS Test /httpdocs/admin/extension/FCKeditor/editor/filemanager/browser/default/images/icons html.gif
2008.06.30 18:50 B E:\projects\test.iss.edu.sg\test.iss.edu_.sg_backup_30062008\admin\extension\FCKeditor\editor\filemanager\browser\default\images\icons\jpg.gif <-- ISS Test /httpdocs/admin/extension/FCKeditor/editor/filemanager/browser/default/images/icons jpg.gif
2008.06.30 18:50 B E:\projects\test.iss.edu.sg\test.iss.edu_.sg_backup_30062008\admin\extension\FCKeditor\editor\filemanager\browser\default\images\icons\js.gif <-- ISS Test /httpdocs/admin/extension/FCKeditor/editor/filemanager/browser/default/images/icons js.gif
2008.06.30 18:50 B E:\projects\test.iss.edu.sg\test.iss.edu_.sg_backup_30062008\admin\extension\FCKeditor\editor\filemanager\browser\default\images\icons\mdb.gif <-- ISS Test /httpdocs/admin/extension/FCKeditor/editor/filemanager/browser/default/images/icons mdb.gif
2008.06.30 18:50 B E:\projects\test.iss.edu.sg\test.iss.edu_.sg_backup_30062008\admin\extension\FCKeditor\editor\filemanager\browser\default\images\icons\mp3.gif <-- ISS Test /httpdocs/admin/extension/FCKeditor/editor/filemanager/browser/default/images/icons mp3.gif
2008.06.30 18:50 B E:\projects\test.iss.edu.sg\test.iss.edu_.sg_backup_30062008\admin\extension\FCKeditor\editor\filemanager\browser\default\images\icons\pdf.gif <-- ISS Test /httpdocs/admin/extension/FCKeditor/editor/filemanager/browser/default/images/icons pdf.gif
2008.06.30 18:50 B E:\projects\test.iss.edu.sg\test.iss.edu_.sg_backup_30062008\admin\extension\FCKeditor\editor\filemanager\browser\default\images\icons\png.gif <-- ISS Test /httpdocs/admin/extension/FCKeditor/editor/filemanager/browser/default/images/icons png.gif
2008.06.30 18:50 B E:\projects\test.iss.edu.sg\test.iss.edu_.sg_backup_30062008\admin\extension\FCKeditor\editor\filemanager\browser\default\images\icons\ppt.gif <-- ISS Test /httpdocs/admin/extension/FCKeditor/editor/filemanager/browser/default/images/icons ppt.gif
2008.06.30 18:50 B E:\projects\test.iss.edu.sg\test.iss.edu_.sg_backup_30062008\admin\extension\FCKeditor\editor\filemanager\browser\default\images\icons\rdp.gif <-- ISS Test /httpdocs/admin/extension/FCKeditor/editor/filemanager/browser/default/images/icons rdp.gif
2008.06.30 18:50 B E:\projects\test.iss.edu.sg\test.iss.edu_.sg_backup_30062008\admin\extension\FCKeditor\editor\filemanager\browser\default\images\icons\swf.gif <-- ISS Test /httpdocs/admin/extension/FCKeditor/editor/filemanager/browser/default/images/icons swf.gif
2008.06.30 18:50 B E:\projects\test.iss.edu.sg\test.iss.edu_.sg_backup_30062008\admin\extension\FCKeditor\editor\filemanager\browser\default\images\icons\swt.gif <-- ISS Test /httpdocs/admin/extension/FCKeditor/editor/filemanager/browser/default/images/icons swt.gif
2008.06.30 18:50 B E:\projects\test.iss.edu.sg\test.iss.edu_.sg_backup_30062008\admin\extension\FCKeditor\editor\filemanager\browser\default\images\icons\txt.gif <-- ISS Test /httpdocs/admin/extension/FCKeditor/editor/filemanager/browser/default/images/icons txt.gif
2008.06.30 18:50 B E:\projects\test.iss.edu.sg\test.iss.edu_.sg_backup_30062008\admin\extension\FCKeditor\editor\filemanager\browser\default\images\icons\vsd.gif <-- ISS Test /httpdocs/admin/extension/FCKeditor/editor/filemanager/browser/default/images/icons vsd.gif
2008.06.30 18:50 B E:\projects\test.iss.edu.sg\test.iss.edu_.sg_backup_30062008\admin\extension\FCKeditor\editor\filemanager\browser\default\images\icons\xls.gif <-- ISS Test /httpdocs/admin/extension/FCKeditor/editor/filemanager/browser/default/images/icons xls.gif
2008.06.30 18:50 B E:\projects\test.iss.edu.sg\test.iss.edu_.sg_backup_30062008\admin\extension\FCKeditor\editor\filemanager\browser\default\images\icons\xml.gif <-- ISS Test /httpdocs/admin/extension/FCKeditor/editor/filemanager/browser/default/images/icons xml.gif
2008.06.30 18:50 B E:\projects\test.iss.edu.sg\test.iss.edu_.sg_backup_30062008\admin\extension\FCKeditor\editor\filemanager\browser\default\images\icons\zip.gif <-- ISS Test /httpdocs/admin/extension/FCKeditor/editor/filemanager/browser/default/images/icons zip.gif
