2008.08.04 12:07 B D:\fckeditor\editor\filemanager\browser\default\images\icons\ai.gif <-- www.sparklesphotoideas.com /admin/includes/fckeditor/editor/filemanager/browser/default/images/icons ai.gif
2008.08.04 12:07 B D:\fckeditor\editor\filemanager\browser\default\images\icons\avi.gif <-- www.sparklesphotoideas.com /admin/includes/fckeditor/editor/filemanager/browser/default/images/icons avi.gif
2008.08.04 12:07 B D:\fckeditor\editor\filemanager\browser\default\images\icons\bmp.gif <-- www.sparklesphotoideas.com /admin/includes/fckeditor/editor/filemanager/browser/default/images/icons bmp.gif
2008.08.04 12:07 B D:\fckeditor\editor\filemanager\browser\default\images\icons\cs.gif <-- www.sparklesphotoideas.com /admin/includes/fckeditor/editor/filemanager/browser/default/images/icons cs.gif
2008.08.04 12:07 B D:\fckeditor\editor\filemanager\browser\default\images\icons\default.icon.gif <-- www.sparklesphotoideas.com /admin/includes/fckeditor/editor/filemanager/browser/default/images/icons default.icon.gif
2008.08.04 12:07 B D:\fckeditor\editor\filemanager\browser\default\images\icons\dll.gif <-- www.sparklesphotoideas.com /admin/includes/fckeditor/editor/filemanager/browser/default/images/icons dll.gif
2008.08.04 12:07 B D:\fckeditor\editor\filemanager\browser\default\images\icons\doc.gif <-- www.sparklesphotoideas.com /admin/includes/fckeditor/editor/filemanager/browser/default/images/icons doc.gif
2008.08.04 12:07 B D:\fckeditor\editor\filemanager\browser\default\images\icons\exe.gif <-- www.sparklesphotoideas.com /admin/includes/fckeditor/editor/filemanager/browser/default/images/icons exe.gif
2008.08.04 12:07 B D:\fckeditor\editor\filemanager\browser\default\images\icons\fla.gif <-- www.sparklesphotoideas.com /admin/includes/fckeditor/editor/filemanager/browser/default/images/icons fla.gif
2008.08.04 12:07 B D:\fckeditor\editor\filemanager\browser\default\images\icons\gif.gif <-- www.sparklesphotoideas.com /admin/includes/fckeditor/editor/filemanager/browser/default/images/icons gif.gif
2008.08.04 12:07 B D:\fckeditor\editor\filemanager\browser\default\images\icons\htm.gif <-- www.sparklesphotoideas.com /admin/includes/fckeditor/editor/filemanager/browser/default/images/icons htm.gif
2008.08.04 12:07 B D:\fckeditor\editor\filemanager\browser\default\images\icons\html.gif <-- www.sparklesphotoideas.com /admin/includes/fckeditor/editor/filemanager/browser/default/images/icons html.gif
2008.08.04 12:07 B D:\fckeditor\editor\filemanager\browser\default\images\icons\jpg.gif <-- www.sparklesphotoideas.com /admin/includes/fckeditor/editor/filemanager/browser/default/images/icons jpg.gif
2008.08.04 12:07 B D:\fckeditor\editor\filemanager\browser\default\images\icons\js.gif <-- www.sparklesphotoideas.com /admin/includes/fckeditor/editor/filemanager/browser/default/images/icons js.gif
2008.08.04 12:07 B D:\fckeditor\editor\filemanager\browser\default\images\icons\mdb.gif <-- www.sparklesphotoideas.com /admin/includes/fckeditor/editor/filemanager/browser/default/images/icons mdb.gif
2008.08.04 12:08 B D:\fckeditor\editor\filemanager\browser\default\images\icons\mp3.gif <-- www.sparklesphotoideas.com /admin/includes/fckeditor/editor/filemanager/browser/default/images/icons mp3.gif
2008.08.04 12:08 B D:\fckeditor\editor\filemanager\browser\default\images\icons\pdf.gif <-- www.sparklesphotoideas.com /admin/includes/fckeditor/editor/filemanager/browser/default/images/icons pdf.gif
2008.08.04 12:08 B D:\fckeditor\editor\filemanager\browser\default\images\icons\png.gif <-- www.sparklesphotoideas.com /admin/includes/fckeditor/editor/filemanager/browser/default/images/icons png.gif
2008.08.04 12:08 B D:\fckeditor\editor\filemanager\browser\default\images\icons\ppt.gif <-- www.sparklesphotoideas.com /admin/includes/fckeditor/editor/filemanager/browser/default/images/icons ppt.gif
2008.08.04 12:08 B D:\fckeditor\editor\filemanager\browser\default\images\icons\rdp.gif <-- www.sparklesphotoideas.com /admin/includes/fckeditor/editor/filemanager/browser/default/images/icons rdp.gif
2008.08.04 12:08 B D:\fckeditor\editor\filemanager\browser\default\images\icons\swf.gif <-- www.sparklesphotoideas.com /admin/includes/fckeditor/editor/filemanager/browser/default/images/icons swf.gif
2008.08.04 12:08 B D:\fckeditor\editor\filemanager\browser\default\images\icons\swt.gif <-- www.sparklesphotoideas.com /admin/includes/fckeditor/editor/filemanager/browser/default/images/icons swt.gif
2008.08.04 12:08 B D:\fckeditor\editor\filemanager\browser\default\images\icons\txt.gif <-- www.sparklesphotoideas.com /admin/includes/fckeditor/editor/filemanager/browser/default/images/icons txt.gif
2008.08.04 12:08 B D:\fckeditor\editor\filemanager\browser\default\images\icons\vsd.gif <-- www.sparklesphotoideas.com /admin/includes/fckeditor/editor/filemanager/browser/default/images/icons vsd.gif
2008.08.04 12:08 B D:\fckeditor\editor\filemanager\browser\default\images\icons\xls.gif <-- www.sparklesphotoideas.com /admin/includes/fckeditor/editor/filemanager/browser/default/images/icons xls.gif
2008.08.04 12:08 B D:\fckeditor\editor\filemanager\browser\default\images\icons\xml.gif <-- www.sparklesphotoideas.com /admin/includes/fckeditor/editor/filemanager/browser/default/images/icons xml.gif
2008.08.04 12:08 B D:\fckeditor\editor\filemanager\browser\default\images\icons\zip.gif <-- www.sparklesphotoideas.com /admin/includes/fckeditor/editor/filemanager/browser/default/images/icons zip.gif
