2008.06.30 18:58 B E:\projects\test.iss.edu.sg\test.iss.edu_.sg_backup_30062008\admin\extension\FCKeditor\editor\lang\_getfontformat.html <-- ISS Test /httpdocs/admin/extension/FCKeditor/editor/lang _getfontformat.html
2008.06.30 18:58 B E:\projects\test.iss.edu.sg\test.iss.edu_.sg_backup_30062008\admin\extension\FCKeditor\editor\lang\_translationstatus.txt <-- ISS Test /httpdocs/admin/extension/FCKeditor/editor/lang _translationstatus.txt
2008.06.30 18:59 B E:\projects\test.iss.edu.sg\test.iss.edu_.sg_backup_30062008\admin\extension\FCKeditor\editor\lang\af.js <-- ISS Test /httpdocs/admin/extension/FCKeditor/editor/lang af.js
2008.06.30 18:59 B E:\projects\test.iss.edu.sg\test.iss.edu_.sg_backup_30062008\admin\extension\FCKeditor\editor\lang\ar.js <-- ISS Test /httpdocs/admin/extension/FCKeditor/editor/lang ar.js
2008.06.30 18:59 B E:\projects\test.iss.edu.sg\test.iss.edu_.sg_backup_30062008\admin\extension\FCKeditor\editor\lang\bg.js <-- ISS Test /httpdocs/admin/extension/FCKeditor/editor/lang bg.js
2008.06.30 18:59 B E:\projects\test.iss.edu.sg\test.iss.edu_.sg_backup_30062008\admin\extension\FCKeditor\editor\lang\bn.js <-- ISS Test /httpdocs/admin/extension/FCKeditor/editor/lang bn.js
2008.06.30 18:59 B E:\projects\test.iss.edu.sg\test.iss.edu_.sg_backup_30062008\admin\extension\FCKeditor\editor\lang\bs.js <-- ISS Test /httpdocs/admin/extension/FCKeditor/editor/lang bs.js
2008.06.30 19:00 B E:\projects\test.iss.edu.sg\test.iss.edu_.sg_backup_30062008\admin\extension\FCKeditor\editor\lang\ca.js <-- ISS Test /httpdocs/admin/extension/FCKeditor/editor/lang ca.js
2008.06.30 19:00 B E:\projects\test.iss.edu.sg\test.iss.edu_.sg_backup_30062008\admin\extension\FCKeditor\editor\lang\cs.js <-- ISS Test /httpdocs/admin/extension/FCKeditor/editor/lang cs.js
2008.06.30 19:00 B E:\projects\test.iss.edu.sg\test.iss.edu_.sg_backup_30062008\admin\extension\FCKeditor\editor\lang\da.js <-- ISS Test /httpdocs/admin/extension/FCKeditor/editor/lang da.js
2008.06.30 19:00 B E:\projects\test.iss.edu.sg\test.iss.edu_.sg_backup_30062008\admin\extension\FCKeditor\editor\lang\de.js <-- ISS Test /httpdocs/admin/extension/FCKeditor/editor/lang de.js
2008.06.30 19:00 B E:\projects\test.iss.edu.sg\test.iss.edu_.sg_backup_30062008\admin\extension\FCKeditor\editor\lang\el.js <-- ISS Test /httpdocs/admin/extension/FCKeditor/editor/lang el.js
2008.06.30 19:00 B E:\projects\test.iss.edu.sg\test.iss.edu_.sg_backup_30062008\admin\extension\FCKeditor\editor\lang\en-au.js <-- ISS Test /httpdocs/admin/extension/FCKeditor/editor/lang en-au.js
2008.06.30 19:01 B E:\projects\test.iss.edu.sg\test.iss.edu_.sg_backup_30062008\admin\extension\FCKeditor\editor\lang\en-ca.js <-- ISS Test /httpdocs/admin/extension/FCKeditor/editor/lang en-ca.js
2008.06.30 19:01 B E:\projects\test.iss.edu.sg\test.iss.edu_.sg_backup_30062008\admin\extension\FCKeditor\editor\lang\en-uk.js <-- ISS Test /httpdocs/admin/extension/FCKeditor/editor/lang en-uk.js
2008.06.30 19:01 B E:\projects\test.iss.edu.sg\test.iss.edu_.sg_backup_30062008\admin\extension\FCKeditor\editor\lang\en.js <-- ISS Test /httpdocs/admin/extension/FCKeditor/editor/lang en.js
2008.06.30 19:01 B E:\projects\test.iss.edu.sg\test.iss.edu_.sg_backup_30062008\admin\extension\FCKeditor\editor\lang\eo.js <-- ISS Test /httpdocs/admin/extension/FCKeditor/editor/lang eo.js
2008.06.30 19:01 B E:\projects\test.iss.edu.sg\test.iss.edu_.sg_backup_30062008\admin\extension\FCKeditor\editor\lang\es.js <-- ISS Test /httpdocs/admin/extension/FCKeditor/editor/lang es.js
2008.06.30 19:01 B E:\projects\test.iss.edu.sg\test.iss.edu_.sg_backup_30062008\admin\extension\FCKeditor\editor\lang\et.js <-- ISS Test /httpdocs/admin/extension/FCKeditor/editor/lang et.js
2008.06.30 19:01 B E:\projects\test.iss.edu.sg\test.iss.edu_.sg_backup_30062008\admin\extension\FCKeditor\editor\lang\eu.js <-- ISS Test /httpdocs/admin/extension/FCKeditor/editor/lang eu.js
2008.06.30 19:02 B E:\projects\test.iss.edu.sg\test.iss.edu_.sg_backup_30062008\admin\extension\FCKeditor\editor\lang\fa.js <-- ISS Test /httpdocs/admin/extension/FCKeditor/editor/lang fa.js
2008.06.30 19:02 B E:\projects\test.iss.edu.sg\test.iss.edu_.sg_backup_30062008\admin\extension\FCKeditor\editor\lang\fi.js <-- ISS Test /httpdocs/admin/extension/FCKeditor/editor/lang fi.js
2008.06.30 19:02 B E:\projects\test.iss.edu.sg\test.iss.edu_.sg_backup_30062008\admin\extension\FCKeditor\editor\lang\fo.js <-- ISS Test /httpdocs/admin/extension/FCKeditor/editor/lang fo.js
2008.06.30 19:02 B E:\projects\test.iss.edu.sg\test.iss.edu_.sg_backup_30062008\admin\extension\FCKeditor\editor\lang\fr.js <-- ISS Test /httpdocs/admin/extension/FCKeditor/editor/lang fr.js
2008.06.30 19:02 B E:\projects\test.iss.edu.sg\test.iss.edu_.sg_backup_30062008\admin\extension\FCKeditor\editor\lang\gl.js <-- ISS Test /httpdocs/admin/extension/FCKeditor/editor/lang gl.js
2008.06.30 19:04 B E:\projects\test.iss.edu.sg\test.iss.edu_.sg_backup_30062008\admin\extension\FCKeditor\editor\lang\he.js <-- ISS Test /httpdocs/admin/extension/FCKeditor/editor/lang he.js
2008.06.30 19:05 B E:\projects\test.iss.edu.sg\test.iss.edu_.sg_backup_30062008\admin\extension\FCKeditor\editor\lang\hi.js <-- ISS Test /httpdocs/admin/extension/FCKeditor/editor/lang hi.js
2008.06.30 19:05 B E:\projects\test.iss.edu.sg\test.iss.edu_.sg_backup_30062008\admin\extension\FCKeditor\editor\lang\hr.js <-- ISS Test /httpdocs/admin/extension/FCKeditor/editor/lang hr.js
2008.06.30 19:05 B E:\projects\test.iss.edu.sg\test.iss.edu_.sg_backup_30062008\admin\extension\FCKeditor\editor\lang\hu.js <-- ISS Test /httpdocs/admin/extension/FCKeditor/editor/lang hu.js
2008.06.30 19:05 B E:\projects\test.iss.edu.sg\test.iss.edu_.sg_backup_30062008\admin\extension\FCKeditor\editor\lang\it.js <-- ISS Test /httpdocs/admin/extension/FCKeditor/editor/lang it.js
2008.06.30 19:05 B E:\projects\test.iss.edu.sg\test.iss.edu_.sg_backup_30062008\admin\extension\FCKeditor\editor\lang\ja.js <-- ISS Test /httpdocs/admin/extension/FCKeditor/editor/lang ja.js
2008.06.30 19:05 B E:\projects\test.iss.edu.sg\test.iss.edu_.sg_backup_30062008\admin\extension\FCKeditor\editor\lang\km.js <-- ISS Test /httpdocs/admin/extension/FCKeditor/editor/lang km.js
2008.06.30 19:05 B E:\projects\test.iss.edu.sg\test.iss.edu_.sg_backup_30062008\admin\extension\FCKeditor\editor\lang\ko.js <-- ISS Test /httpdocs/admin/extension/FCKeditor/editor/lang ko.js
2008.06.30 19:06 B E:\projects\test.iss.edu.sg\test.iss.edu_.sg_backup_30062008\admin\extension\FCKeditor\editor\lang\lt.js <-- ISS Test /httpdocs/admin/extension/FCKeditor/editor/lang lt.js
2008.06.30 19:07 B E:\projects\test.iss.edu.sg\test.iss.edu_.sg_backup_30062008\admin\extension\FCKeditor\editor\lang\lv.js <-- ISS Test /httpdocs/admin/extension/FCKeditor/editor/lang lv.js
2008.06.30 19:07 B E:\projects\test.iss.edu.sg\test.iss.edu_.sg_backup_30062008\admin\extension\FCKeditor\editor\lang\mn.js <-- ISS Test /httpdocs/admin/extension/FCKeditor/editor/lang mn.js
2008.06.30 19:07 B E:\projects\test.iss.edu.sg\test.iss.edu_.sg_backup_30062008\admin\extension\FCKeditor\editor\lang\ms.js <-- ISS Test /httpdocs/admin/extension/FCKeditor/editor/lang ms.js
2008.06.30 19:08 B E:\projects\test.iss.edu.sg\test.iss.edu_.sg_backup_30062008\admin\extension\FCKeditor\editor\lang\nb.js <-- ISS Test /httpdocs/admin/extension/FCKeditor/editor/lang nb.js
2008.06.30 19:08 B E:\projects\test.iss.edu.sg\test.iss.edu_.sg_backup_30062008\admin\extension\FCKeditor\editor\lang\nl.js <-- ISS Test /httpdocs/admin/extension/FCKeditor/editor/lang nl.js
2008.06.30 19:08 B E:\projects\test.iss.edu.sg\test.iss.edu_.sg_backup_30062008\admin\extension\FCKeditor\editor\lang\no.js <-- ISS Test /httpdocs/admin/extension/FCKeditor/editor/lang no.js
2008.06.30 19:09 B E:\projects\test.iss.edu.sg\test.iss.edu_.sg_backup_30062008\admin\extension\FCKeditor\editor\lang\pl.js <-- ISS Test /httpdocs/admin/extension/FCKeditor/editor/lang pl.js
2008.06.30 19:09 B E:\projects\test.iss.edu.sg\test.iss.edu_.sg_backup_30062008\admin\extension\FCKeditor\editor\lang\pt-br.js <-- ISS Test /httpdocs/admin/extension/FCKeditor/editor/lang pt-br.js
2008.06.30 19:09 B E:\projects\test.iss.edu.sg\test.iss.edu_.sg_backup_30062008\admin\extension\FCKeditor\editor\lang\pt.js <-- ISS Test /httpdocs/admin/extension/FCKeditor/editor/lang pt.js
2008.06.30 19:09 B E:\projects\test.iss.edu.sg\test.iss.edu_.sg_backup_30062008\admin\extension\FCKeditor\editor\lang\ro.js <-- ISS Test /httpdocs/admin/extension/FCKeditor/editor/lang ro.js
2008.06.30 19:10 B E:\projects\test.iss.edu.sg\test.iss.edu_.sg_backup_30062008\admin\extension\FCKeditor\editor\lang\ru.js <-- ISS Test /httpdocs/admin/extension/FCKeditor/editor/lang ru.js
2008.06.30 19:10 B E:\projects\test.iss.edu.sg\test.iss.edu_.sg_backup_30062008\admin\extension\FCKeditor\editor\lang\sk.js <-- ISS Test /httpdocs/admin/extension/FCKeditor/editor/lang sk.js
2008.06.30 19:10 B E:\projects\test.iss.edu.sg\test.iss.edu_.sg_backup_30062008\admin\extension\FCKeditor\editor\lang\sl.js <-- ISS Test /httpdocs/admin/extension/FCKeditor/editor/lang sl.js
2008.06.30 19:10 B E:\projects\test.iss.edu.sg\test.iss.edu_.sg_backup_30062008\admin\extension\FCKeditor\editor\lang\sr-latn.js <-- ISS Test /httpdocs/admin/extension/FCKeditor/editor/lang sr-latn.js
2008.06.30 19:11 B E:\projects\test.iss.edu.sg\test.iss.edu_.sg_backup_30062008\admin\extension\FCKeditor\editor\lang\sr.js <-- ISS Test /httpdocs/admin/extension/FCKeditor/editor/lang sr.js
2008.06.30 19:11 B E:\projects\test.iss.edu.sg\test.iss.edu_.sg_backup_30062008\admin\extension\FCKeditor\editor\lang\sv.js <-- ISS Test /httpdocs/admin/extension/FCKeditor/editor/lang sv.js
2008.06.30 19:11 B E:\projects\test.iss.edu.sg\test.iss.edu_.sg_backup_30062008\admin\extension\FCKeditor\editor\lang\th.js <-- ISS Test /httpdocs/admin/extension/FCKeditor/editor/lang th.js
2008.06.30 19:12 B E:\projects\test.iss.edu.sg\test.iss.edu_.sg_backup_30062008\admin\extension\FCKeditor\editor\lang\tr.js <-- ISS Test /httpdocs/admin/extension/FCKeditor/editor/lang tr.js
2008.06.30 19:12 B E:\projects\test.iss.edu.sg\test.iss.edu_.sg_backup_30062008\admin\extension\FCKeditor\editor\lang\uk.js <-- ISS Test /httpdocs/admin/extension/FCKeditor/editor/lang uk.js
2008.06.30 19:12 B E:\projects\test.iss.edu.sg\test.iss.edu_.sg_backup_30062008\admin\extension\FCKeditor\editor\lang\vi.js <-- ISS Test /httpdocs/admin/extension/FCKeditor/editor/lang vi.js
2008.06.30 19:14 B E:\projects\test.iss.edu.sg\test.iss.edu_.sg_backup_30062008\admin\extension\FCKeditor\editor\lang\zh-cn.js <-- ISS Test /httpdocs/admin/extension/FCKeditor/editor/lang zh-cn.js
2008.06.30 19:14 B E:\projects\test.iss.edu.sg\test.iss.edu_.sg_backup_30062008\admin\extension\FCKeditor\editor\lang\zh.js <-- ISS Test /httpdocs/admin/extension/FCKeditor/editor/lang zh.js
