2008.08.04 12:07 B D:\fckeditor\editor\filemanager\browser\default\images\icons\32\ai.gif <-- www.sparklesphotoideas.com /admin/includes/fckeditor/editor/filemanager/browser/default/images/icons/32 ai.gif
2008.08.04 12:07 B D:\fckeditor\editor\filemanager\browser\default\images\icons\32\avi.gif <-- www.sparklesphotoideas.com /admin/includes/fckeditor/editor/filemanager/browser/default/images/icons/32 avi.gif
2008.08.04 12:07 B D:\fckeditor\editor\filemanager\browser\default\images\icons\32\bmp.gif <-- www.sparklesphotoideas.com /admin/includes/fckeditor/editor/filemanager/browser/default/images/icons/32 bmp.gif
2008.08.04 12:07 B D:\fckeditor\editor\filemanager\browser\default\images\icons\32\cs.gif <-- www.sparklesphotoideas.com /admin/includes/fckeditor/editor/filemanager/browser/default/images/icons/32 cs.gif
2008.08.04 12:07 B D:\fckeditor\editor\filemanager\browser\default\images\icons\32\default.icon.gif <-- www.sparklesphotoideas.com /admin/includes/fckeditor/editor/filemanager/browser/default/images/icons/32 default.icon.gif
2008.08.04 12:07 B D:\fckeditor\editor\filemanager\browser\default\images\icons\32\dll.gif <-- www.sparklesphotoideas.com /admin/includes/fckeditor/editor/filemanager/browser/default/images/icons/32 dll.gif
2008.08.04 12:07 B D:\fckeditor\editor\filemanager\browser\default\images\icons\32\doc.gif <-- www.sparklesphotoideas.com /admin/includes/fckeditor/editor/filemanager/browser/default/images/icons/32 doc.gif
2008.08.04 12:07 B D:\fckeditor\editor\filemanager\browser\default\images\icons\32\exe.gif <-- www.sparklesphotoideas.com /admin/includes/fckeditor/editor/filemanager/browser/default/images/icons/32 exe.gif
2008.08.04 12:07 B D:\fckeditor\editor\filemanager\browser\default\images\icons\32\fla.gif <-- www.sparklesphotoideas.com /admin/includes/fckeditor/editor/filemanager/browser/default/images/icons/32 fla.gif
2008.08.04 12:07 B D:\fckeditor\editor\filemanager\browser\default\images\icons\32\gif.gif <-- www.sparklesphotoideas.com /admin/includes/fckeditor/editor/filemanager/browser/default/images/icons/32 gif.gif
2008.08.04 12:07 B D:\fckeditor\editor\filemanager\browser\default\images\icons\32\htm.gif <-- www.sparklesphotoideas.com /admin/includes/fckeditor/editor/filemanager/browser/default/images/icons/32 htm.gif
2008.08.04 12:07 B D:\fckeditor\editor\filemanager\browser\default\images\icons\32\html.gif <-- www.sparklesphotoideas.com /admin/includes/fckeditor/editor/filemanager/browser/default/images/icons/32 html.gif
2008.08.04 12:07 B D:\fckeditor\editor\filemanager\browser\default\images\icons\32\jpg.gif <-- www.sparklesphotoideas.com /admin/includes/fckeditor/editor/filemanager/browser/default/images/icons/32 jpg.gif
2008.08.04 12:07 B D:\fckeditor\editor\filemanager\browser\default\images\icons\32\js.gif <-- www.sparklesphotoideas.com /admin/includes/fckeditor/editor/filemanager/browser/default/images/icons/32 js.gif
2008.08.04 12:07 B D:\fckeditor\editor\filemanager\browser\default\images\icons\32\mdb.gif <-- www.sparklesphotoideas.com /admin/includes/fckeditor/editor/filemanager/browser/default/images/icons/32 mdb.gif
2008.08.04 12:07 B D:\fckeditor\editor\filemanager\browser\default\images\icons\32\mp3.gif <-- www.sparklesphotoideas.com /admin/includes/fckeditor/editor/filemanager/browser/default/images/icons/32 mp3.gif
2008.08.04 12:07 B D:\fckeditor\editor\filemanager\browser\default\images\icons\32\pdf.gif <-- www.sparklesphotoideas.com /admin/includes/fckeditor/editor/filemanager/browser/default/images/icons/32 pdf.gif
2008.08.04 12:07 B D:\fckeditor\editor\filemanager\browser\default\images\icons\32\png.gif <-- www.sparklesphotoideas.com /admin/includes/fckeditor/editor/filemanager/browser/default/images/icons/32 png.gif
2008.08.04 12:07 B D:\fckeditor\editor\filemanager\browser\default\images\icons\32\ppt.gif <-- www.sparklesphotoideas.com /admin/includes/fckeditor/editor/filemanager/browser/default/images/icons/32 ppt.gif
2008.08.04 12:07 B D:\fckeditor\editor\filemanager\browser\default\images\icons\32\rdp.gif <-- www.sparklesphotoideas.com /admin/includes/fckeditor/editor/filemanager/browser/default/images/icons/32 rdp.gif
2008.08.04 12:07 B D:\fckeditor\editor\filemanager\browser\default\images\icons\32\swf.gif <-- www.sparklesphotoideas.com /admin/includes/fckeditor/editor/filemanager/browser/default/images/icons/32 swf.gif
2008.08.04 12:07 B D:\fckeditor\editor\filemanager\browser\default\images\icons\32\swt.gif <-- www.sparklesphotoideas.com /admin/includes/fckeditor/editor/filemanager/browser/default/images/icons/32 swt.gif
2008.08.04 12:07 B D:\fckeditor\editor\filemanager\browser\default\images\icons\32\txt.gif <-- www.sparklesphotoideas.com /admin/includes/fckeditor/editor/filemanager/browser/default/images/icons/32 txt.gif
2008.08.04 12:07 B D:\fckeditor\editor\filemanager\browser\default\images\icons\32\vsd.gif <-- www.sparklesphotoideas.com /admin/includes/fckeditor/editor/filemanager/browser/default/images/icons/32 vsd.gif
2008.08.04 12:07 B D:\fckeditor\editor\filemanager\browser\default\images\icons\32\xls.gif <-- www.sparklesphotoideas.com /admin/includes/fckeditor/editor/filemanager/browser/default/images/icons/32 xls.gif
2008.08.04 12:07 B D:\fckeditor\editor\filemanager\browser\default\images\icons\32\xml.gif <-- www.sparklesphotoideas.com /admin/includes/fckeditor/editor/filemanager/browser/default/images/icons/32 xml.gif
2008.08.04 12:07 B D:\fckeditor\editor\filemanager\browser\default\images\icons\32\zip.gif <-- www.sparklesphotoideas.com /admin/includes/fckeditor/editor/filemanager/browser/default/images/icons/32 zip.gif
