2008.06.30 18:45 B E:\projects\test.iss.edu.sg\test.iss.edu_.sg_backup_30062008\admin\extension\FCKeditor\editor\dialog\fck_about.html <-- ISS Test /httpdocs/admin/extension/FCKeditor/editor/dialog fck_about.html
2008.06.30 18:45 B E:\projects\test.iss.edu.sg\test.iss.edu_.sg_backup_30062008\admin\extension\FCKeditor\editor\dialog\fck_anchor.html <-- ISS Test /httpdocs/admin/extension/FCKeditor/editor/dialog fck_anchor.html
2008.06.30 18:45 B E:\projects\test.iss.edu.sg\test.iss.edu_.sg_backup_30062008\admin\extension\FCKeditor\editor\dialog\fck_button.html <-- ISS Test /httpdocs/admin/extension/FCKeditor/editor/dialog fck_button.html
2008.06.30 18:45 B E:\projects\test.iss.edu.sg\test.iss.edu_.sg_backup_30062008\admin\extension\FCKeditor\editor\dialog\fck_checkbox.html <-- ISS Test /httpdocs/admin/extension/FCKeditor/editor/dialog fck_checkbox.html
2008.06.30 18:45 B E:\projects\test.iss.edu.sg\test.iss.edu_.sg_backup_30062008\admin\extension\FCKeditor\editor\dialog\fck_colorselector.html <-- ISS Test /httpdocs/admin/extension/FCKeditor/editor/dialog fck_colorselector.html
2008.06.30 18:45 B E:\projects\test.iss.edu.sg\test.iss.edu_.sg_backup_30062008\admin\extension\FCKeditor\editor\dialog\fck_docprops.html <-- ISS Test /httpdocs/admin/extension/FCKeditor/editor/dialog fck_docprops.html
2008.06.30 18:45 B E:\projects\test.iss.edu.sg\test.iss.edu_.sg_backup_30062008\admin\extension\FCKeditor\editor\dialog\fck_find.html <-- ISS Test /httpdocs/admin/extension/FCKeditor/editor/dialog fck_find.html
2008.06.30 18:45 B E:\projects\test.iss.edu.sg\test.iss.edu_.sg_backup_30062008\admin\extension\FCKeditor\editor\dialog\fck_flash.html <-- ISS Test /httpdocs/admin/extension/FCKeditor/editor/dialog fck_flash.html
2008.06.30 18:45 B E:\projects\test.iss.edu.sg\test.iss.edu_.sg_backup_30062008\admin\extension\FCKeditor\editor\dialog\fck_form.html <-- ISS Test /httpdocs/admin/extension/FCKeditor/editor/dialog fck_form.html
2008.06.30 18:45 B E:\projects\test.iss.edu.sg\test.iss.edu_.sg_backup_30062008\admin\extension\FCKeditor\editor\dialog\fck_hiddenfield.html <-- ISS Test /httpdocs/admin/extension/FCKeditor/editor/dialog fck_hiddenfield.html
2008.06.30 18:45 B E:\projects\test.iss.edu.sg\test.iss.edu_.sg_backup_30062008\admin\extension\FCKeditor\editor\dialog\fck_image.html <-- ISS Test /httpdocs/admin/extension/FCKeditor/editor/dialog fck_image.html
2008.06.30 18:45 B E:\projects\test.iss.edu.sg\test.iss.edu_.sg_backup_30062008\admin\extension\FCKeditor\editor\dialog\fck_link.html <-- ISS Test /httpdocs/admin/extension/FCKeditor/editor/dialog fck_link.html
2008.06.30 18:45 B E:\projects\test.iss.edu.sg\test.iss.edu_.sg_backup_30062008\admin\extension\FCKeditor\editor\dialog\fck_listprop.html <-- ISS Test /httpdocs/admin/extension/FCKeditor/editor/dialog fck_listprop.html
2008.06.30 18:46 B E:\projects\test.iss.edu.sg\test.iss.edu_.sg_backup_30062008\admin\extension\FCKeditor\editor\dialog\fck_paste.html <-- ISS Test /httpdocs/admin/extension/FCKeditor/editor/dialog fck_paste.html
2008.06.30 18:46 B E:\projects\test.iss.edu.sg\test.iss.edu_.sg_backup_30062008\admin\extension\FCKeditor\editor\dialog\fck_radiobutton.html <-- ISS Test /httpdocs/admin/extension/FCKeditor/editor/dialog fck_radiobutton.html
2008.06.30 18:46 B E:\projects\test.iss.edu.sg\test.iss.edu_.sg_backup_30062008\admin\extension\FCKeditor\editor\dialog\fck_replace.html <-- ISS Test /httpdocs/admin/extension/FCKeditor/editor/dialog fck_replace.html
2008.06.30 18:46 B E:\projects\test.iss.edu.sg\test.iss.edu_.sg_backup_30062008\admin\extension\FCKeditor\editor\dialog\fck_select.html <-- ISS Test /httpdocs/admin/extension/FCKeditor/editor/dialog fck_select.html
2008.06.30 18:46 B E:\projects\test.iss.edu.sg\test.iss.edu_.sg_backup_30062008\admin\extension\FCKeditor\editor\dialog\fck_smiley.html <-- ISS Test /httpdocs/admin/extension/FCKeditor/editor/dialog fck_smiley.html
2008.06.30 18:46 B E:\projects\test.iss.edu.sg\test.iss.edu_.sg_backup_30062008\admin\extension\FCKeditor\editor\dialog\fck_source.html <-- ISS Test /httpdocs/admin/extension/FCKeditor/editor/dialog fck_source.html
2008.06.30 18:46 B E:\projects\test.iss.edu.sg\test.iss.edu_.sg_backup_30062008\admin\extension\FCKeditor\editor\dialog\fck_specialchar.html <-- ISS Test /httpdocs/admin/extension/FCKeditor/editor/dialog fck_specialchar.html
2008.06.30 18:46 B E:\projects\test.iss.edu.sg\test.iss.edu_.sg_backup_30062008\admin\extension\FCKeditor\editor\dialog\fck_spellerpages.html <-- ISS Test /httpdocs/admin/extension/FCKeditor/editor/dialog fck_spellerpages.html
2008.06.30 18:46 B E:\projects\test.iss.edu.sg\test.iss.edu_.sg_backup_30062008\admin\extension\FCKeditor\editor\dialog\fck_table.html <-- ISS Test /httpdocs/admin/extension/FCKeditor/editor/dialog fck_table.html
2008.06.30 18:46 B E:\projects\test.iss.edu.sg\test.iss.edu_.sg_backup_30062008\admin\extension\FCKeditor\editor\dialog\fck_tablecell.html <-- ISS Test /httpdocs/admin/extension/FCKeditor/editor/dialog fck_tablecell.html
2008.06.30 18:46 B E:\projects\test.iss.edu.sg\test.iss.edu_.sg_backup_30062008\admin\extension\FCKeditor\editor\dialog\fck_template.html <-- ISS Test /httpdocs/admin/extension/FCKeditor/editor/dialog fck_template.html
2008.06.30 18:46 B E:\projects\test.iss.edu.sg\test.iss.edu_.sg_backup_30062008\admin\extension\FCKeditor\editor\dialog\fck_textarea.html <-- ISS Test /httpdocs/admin/extension/FCKeditor/editor/dialog fck_textarea.html
2008.06.30 18:46 B E:\projects\test.iss.edu.sg\test.iss.edu_.sg_backup_30062008\admin\extension\FCKeditor\editor\dialog\fck_textfield.html <-- ISS Test /httpdocs/admin/extension/FCKeditor/editor/dialog fck_textfield.html
