2008.08.04 12:01 B D:\fckeditor\editor\_source\classes\fckcontextmenu.js <-- www.sparklesphotoideas.com /admin/includes/fckeditor/editor/_source/classes fckcontextmenu.js
2008.08.04 12:01 B D:\fckeditor\editor\_source\classes\fckdocumentfragment_gecko.js <-- www.sparklesphotoideas.com /admin/includes/fckeditor/editor/_source/classes fckdocumentfragment_gecko.js
2008.08.04 12:01 B D:\fckeditor\editor\_source\classes\fckdocumentfragment_ie.js <-- www.sparklesphotoideas.com /admin/includes/fckeditor/editor/_source/classes fckdocumentfragment_ie.js
2008.08.04 12:01 B D:\fckeditor\editor\_source\classes\fckdomrange.js <-- www.sparklesphotoideas.com /admin/includes/fckeditor/editor/_source/classes fckdomrange.js
2008.08.04 12:01 B D:\fckeditor\editor\_source\classes\fckdomrange_gecko.js <-- www.sparklesphotoideas.com /admin/includes/fckeditor/editor/_source/classes fckdomrange_gecko.js
2008.08.04 12:02 B D:\fckeditor\editor\_source\classes\fckdomrange_ie.js <-- www.sparklesphotoideas.com /admin/includes/fckeditor/editor/_source/classes fckdomrange_ie.js
2008.08.04 12:02 B D:\fckeditor\editor\_source\classes\fckeditingarea.js <-- www.sparklesphotoideas.com /admin/includes/fckeditor/editor/_source/classes fckeditingarea.js
2008.08.04 12:02 B D:\fckeditor\editor\_source\classes\fckelementpath.js <-- www.sparklesphotoideas.com /admin/includes/fckeditor/editor/_source/classes fckelementpath.js
2008.08.04 12:02 B D:\fckeditor\editor\_source\classes\fckenterkey.js <-- www.sparklesphotoideas.com /admin/includes/fckeditor/editor/_source/classes fckenterkey.js
2008.08.04 12:02 B D:\fckeditor\editor\_source\classes\fckevents.js <-- www.sparklesphotoideas.com /admin/includes/fckeditor/editor/_source/classes fckevents.js
2008.08.04 12:02 B D:\fckeditor\editor\_source\classes\fckicon.js <-- www.sparklesphotoideas.com /admin/includes/fckeditor/editor/_source/classes fckicon.js
2008.08.04 12:02 B D:\fckeditor\editor\_source\classes\fckiecleanup.js <-- www.sparklesphotoideas.com /admin/includes/fckeditor/editor/_source/classes fckiecleanup.js
2008.08.04 12:02 B D:\fckeditor\editor\_source\classes\fckimagepreloader.js <-- www.sparklesphotoideas.com /admin/includes/fckeditor/editor/_source/classes fckimagepreloader.js
2008.08.04 12:02 B D:\fckeditor\editor\_source\classes\fckkeystrokehandler.js <-- www.sparklesphotoideas.com /admin/includes/fckeditor/editor/_source/classes fckkeystrokehandler.js
2008.08.04 12:02 B D:\fckeditor\editor\_source\classes\fckmenublock.js <-- www.sparklesphotoideas.com /admin/includes/fckeditor/editor/_source/classes fckmenublock.js
2008.08.04 12:02 B D:\fckeditor\editor\_source\classes\fckmenublockpanel.js <-- www.sparklesphotoideas.com /admin/includes/fckeditor/editor/_source/classes fckmenublockpanel.js
2008.08.04 12:02 B D:\fckeditor\editor\_source\classes\fckmenuitem.js <-- www.sparklesphotoideas.com /admin/includes/fckeditor/editor/_source/classes fckmenuitem.js
2008.08.04 12:02 B D:\fckeditor\editor\_source\classes\fckpanel.js <-- www.sparklesphotoideas.com /admin/includes/fckeditor/editor/_source/classes fckpanel.js
2008.08.04 12:02 B D:\fckeditor\editor\_source\classes\fckplugin.js <-- www.sparklesphotoideas.com /admin/includes/fckeditor/editor/_source/classes fckplugin.js
2008.08.04 12:02 B D:\fckeditor\editor\_source\classes\fckspecialcombo.js <-- www.sparklesphotoideas.com /admin/includes/fckeditor/editor/_source/classes fckspecialcombo.js
2008.08.04 12:02 B D:\fckeditor\editor\_source\classes\fckstyledef.js <-- www.sparklesphotoideas.com /admin/includes/fckeditor/editor/_source/classes fckstyledef.js
2008.08.04 12:02 B D:\fckeditor\editor\_source\classes\fckstyledef_gecko.js <-- www.sparklesphotoideas.com /admin/includes/fckeditor/editor/_source/classes fckstyledef_gecko.js
2008.08.04 12:02 B D:\fckeditor\editor\_source\classes\fckstyledef_ie.js <-- www.sparklesphotoideas.com /admin/includes/fckeditor/editor/_source/classes fckstyledef_ie.js
2008.08.04 12:02 B D:\fckeditor\editor\_source\classes\fckstylesloader.js <-- www.sparklesphotoideas.com /admin/includes/fckeditor/editor/_source/classes fckstylesloader.js
2008.08.04 12:02 B D:\fckeditor\editor\_source\classes\fcktoolbar.js <-- www.sparklesphotoideas.com /admin/includes/fckeditor/editor/_source/classes fcktoolbar.js
2008.08.04 12:02 B D:\fckeditor\editor\_source\classes\fcktoolbarbreak_gecko.js <-- www.sparklesphotoideas.com /admin/includes/fckeditor/editor/_source/classes fcktoolbarbreak_gecko.js
2008.08.04 12:02 B D:\fckeditor\editor\_source\classes\fcktoolbarbreak_ie.js <-- www.sparklesphotoideas.com /admin/includes/fckeditor/editor/_source/classes fcktoolbarbreak_ie.js
2008.08.04 12:02 B D:\fckeditor\editor\_source\classes\fcktoolbarbutton.js <-- www.sparklesphotoideas.com /admin/includes/fckeditor/editor/_source/classes fcktoolbarbutton.js
2008.08.04 12:02 B D:\fckeditor\editor\_source\classes\fcktoolbarbuttonui.js <-- www.sparklesphotoideas.com /admin/includes/fckeditor/editor/_source/classes fcktoolbarbuttonui.js
2008.08.04 12:02 B D:\fckeditor\editor\_source\classes\fcktoolbarfontformatcombo.js <-- www.sparklesphotoideas.com /admin/includes/fckeditor/editor/_source/classes fcktoolbarfontformatcombo.js
2008.08.04 12:02 B D:\fckeditor\editor\_source\classes\fcktoolbarfontscombo.js <-- www.sparklesphotoideas.com /admin/includes/fckeditor/editor/_source/classes fcktoolbarfontscombo.js
2008.08.04 12:02 B D:\fckeditor\editor\_source\classes\fcktoolbarfontsizecombo.js <-- www.sparklesphotoideas.com /admin/includes/fckeditor/editor/_source/classes fcktoolbarfontsizecombo.js
2008.08.04 12:02 B D:\fckeditor\editor\_source\classes\fcktoolbarpanelbutton.js <-- www.sparklesphotoideas.com /admin/includes/fckeditor/editor/_source/classes fcktoolbarpanelbutton.js
2008.08.04 12:02 B D:\fckeditor\editor\_source\classes\fcktoolbarspecialcombo.js <-- www.sparklesphotoideas.com /admin/includes/fckeditor/editor/_source/classes fcktoolbarspecialcombo.js
2008.08.04 12:02 B D:\fckeditor\editor\_source\classes\fcktoolbarstylecombo.js <-- www.sparklesphotoideas.com /admin/includes/fckeditor/editor/_source/classes fcktoolbarstylecombo.js
2008.08.04 12:02 B D:\fckeditor\editor\_source\classes\fckw3crange.js <-- www.sparklesphotoideas.com /admin/includes/fckeditor/editor/_source/classes fckw3crange.js
2008.08.04 12:02 B D:\fckeditor\editor\_source\classes\fckxml_gecko.js <-- www.sparklesphotoideas.com /admin/includes/fckeditor/editor/_source/classes fckxml_gecko.js
2008.08.04 12:02 B D:\fckeditor\editor\_source\classes\fckxml_ie.js <-- www.sparklesphotoideas.com /admin/includes/fckeditor/editor/_source/classes fckxml_ie.js
