2008.08.04 11:58 B D:\\find.html <-- www.sparklesphotoideas.com /admin/includes/fckeditor/_samples/_plugins/findreplace find.html
2008.08.04 12:13 B D:\fckeditor\_documentation.html <-- www.sparklesphotoideas.com /admin/includes/fckeditor _documentation.html
2008.08.04 12:13 B D:\fckeditor\_upgrade.html <-- www.sparklesphotoideas.com /admin/includes/fckeditor _upgrade.html
2008.08.04 12:13 B D:\fckeditor\_whatsnew.html <-- www.sparklesphotoideas.com /admin/includes/fckeditor _whatsnew.html
2008.08.04 12:13 B D:\fckeditor\fckconfig.js <-- www.sparklesphotoideas.com /admin/includes/fckeditor fckconfig.js
2008.08.04 12:13 B D:\fckeditor\fckeditor.afp <-- www.sparklesphotoideas.com /admin/includes/fckeditor fckeditor.afp
2008.08.04 12:13 B D:\fckeditor\fckeditor.asp <-- www.sparklesphotoideas.com /admin/includes/fckeditor fckeditor.asp
2008.08.04 12:13 B D:\fckeditor\fckeditor.cfc <-- www.sparklesphotoideas.com /admin/includes/fckeditor fckeditor.cfc
2008.08.04 12:13 B D:\fckeditor\fckeditor.cfm <-- www.sparklesphotoideas.com /admin/includes/fckeditor fckeditor.cfm
2008.08.04 12:13 B D:\fckeditor\fckeditor.js <-- www.sparklesphotoideas.com /admin/includes/fckeditor fckeditor.js
2008.08.04 12:13 B D:\fckeditor\fckeditor.lasso <-- www.sparklesphotoideas.com /admin/includes/fckeditor fckeditor.lasso
2008.08.04 12:13 B D:\fckeditor\fckeditor.php <-- www.sparklesphotoideas.com /admin/includes/fckeditor fckeditor.php
2008.08.04 12:13 B D:\fckeditor\fckeditor.pl <-- www.sparklesphotoideas.com /admin/includes/fckeditor fckeditor.pl
2008.08.04 12:13 B D:\fckeditor\fckeditor.py <-- www.sparklesphotoideas.com /admin/includes/fckeditor fckeditor.py
2008.08.04 12:13 B D:\fckeditor\fckeditor_php4.php <-- www.sparklesphotoideas.com /admin/includes/fckeditor fckeditor_php4.php
2008.08.04 12:13 B D:\fckeditor\fckeditor_php5.php <-- www.sparklesphotoideas.com /admin/includes/fckeditor fckeditor_php5.php
2008.08.04 12:13 B D:\fckeditor\fckpackager.xml <-- www.sparklesphotoideas.com /admin/includes/fckeditor fckpackager.xml
2008.08.04 12:13 B D:\fckeditor\fckstyles.xml <-- www.sparklesphotoideas.com /admin/includes/fckeditor fckstyles.xml
2008.08.04 12:13 B D:\fckeditor\fcktemplates.xml <-- www.sparklesphotoideas.com /admin/includes/fckeditor fcktemplates.xml
2008.08.04 12:14 B D:\fckeditor\htaccess.txt <-- www.sparklesphotoideas.com /admin/includes/fckeditor htaccess.txt
2008.08.04 12:14 B D:\fckeditor\license.txt <-- www.sparklesphotoideas.com /admin/includes/fckeditor license.txt
